<?xml version="1.0" encoding="UTF-8"?>
<testsuite xmlns:xsi="http://www.w3.org/2001/XMLSchema-instance" xsi:noNamespaceSchemaLocation="https://maven.apache.org/surefire/maven-surefire-plugin/xsd/surefire-test-report-3.0.xsd" version="3.0" name="TestSuite" time="14,983.954" tests="213" errors="0" skipped="0" failures="48">
  <properties>
[...]
</properties>
  <testcase name="Launch_Application" classname="Tests.LaunchAppTests" time="37.558">
    <failure message="An element could not be located on the page using the given search parameters.&#10;For documentation on this error, please visit: https://www.seleniumhq.org/exceptions/no_such_element.html&#10;Build info: version: &apos;3.141.59&apos;, revision: &apos;e82be7d358&apos;, time: &apos;2018-11-14T08:17:03&apos;&#10;System info: host: &apos;Admins-MacBook-Pro.local&apos;, ip: &apos;fe80:0:0:0:8f:c148:5c9e:6494%en0&apos;, os.name: &apos;Mac OS X&apos;, os.arch: &apos;x86_64&apos;, os.version: &apos;12.4&apos;, java.version: &apos;19.0.1&apos;&#10;Driver info: io.appium.java_client.android.AndroidDriver&#10;Capabilities {app: /Users/admin/Desktop/Plai_M..., appPackage: com.app.plaisports, autoAcceptAlerts: true, autoGrantPermissions: true, automationName: UiAutomator2, databaseEnabled: false, desired: {app: /Users/admin/Desktop/Plai_M..., autoAcceptAlerts: true, autoGrantPermissions: true, automationName: UiAutomator2, deviceName: 25e4e5308f0d7ece, platformName: android, platformVersion: 10, resetKeyboard: false, unicodeKeyboard: false}, deviceApiLevel: 29, deviceManufacturer: samsung, deviceModel: SM-N960F, deviceName: 25e4e5308f0d7ece, deviceScreenDensity: 420, deviceScreenSize: 1080x2220, deviceUDID: 25e4e5308f0d7ece, javascriptEnabled: true, locationContextEnabled: false, networkConnectionEnabled: true, pixelRatio: 2.625, platform: LINUX, platformName: android, platformVersion: 10, resetKeyboard: false, statBarHeight: 63, takesScreenshot: true, unicodeKeyboard: false, viewportRect: {height: 2031, left: 0, top: 63, width: 1080}, warnings: {}, webStorageEnabled: false}&#10;Session ID: ab73d8bd-6769-4498-89a4-23487416a821&#10;*** Element info: {Using=xpath, value=//android.widget.ImageView[@content-desc=&quot;Logo&quot;]}" type="org.openqa.selenium.NoSuchElementException"><![CDATA[org.openqa.selenium.NoSuchElementException: 
An element could not be located on the page using the given search parameters.
For documentation on this error, please visit: https://www.seleniumhq.org/exceptions/no_such_element.html
Build info: version: '3.141.59', revision: 'e82be7d358', time: '2018-11-14T08:17:03'
System info: host: 'Admins-MacBook-Pro.local', ip: 'fe80:0:0:0:8f:c148:5c9e:6494%en0', os.name: 'Mac OS X', os.arch: 'x86_64', os.version: '12.4', java.version: '19.0.1'
Driver info: io.appium.java_client.android.AndroidDriver
Capabilities {app: /Users/admin/Desktop/Plai_M..., appPackage: com.app.plaisports, autoAcceptAlerts: true, autoGrantPermissions: true, automationName: UiAutomator2, databaseEnabled: false, desired: {app: /Users/admin/Desktop/Plai_M..., autoAcceptAlerts: true, autoGrantPermissions: true, automationName: UiAutomator2, deviceName: 25e4e5308f0d7ece, platformName: android, platformVersion: 10, resetKeyboard: false, unicodeKeyboard: false}, deviceApiLevel: 29, deviceManufacturer: samsung, deviceModel: SM-N960F, deviceName: 25e4e5308f0d7ece, deviceScreenDensity: 420, deviceScreenSize: 1080x2220, deviceUDID: 25e4e5308f0d7ece, javascriptEnabled: true, locationContextEnabled: false, networkConnectionEnabled: true, pixelRatio: 2.625, platform: LINUX, platformName: android, platformVersion: 10, resetKeyboard: false, statBarHeight: 63, takesScreenshot: true, unicodeKeyboard: false, viewportRect: {height: 2031, left: 0, top: 63, width: 1080}, warnings: {}, webStorageEnabled: false}
Session ID: ab73d8bd-6769-4498-89a4-23487416a821
*** Element info: {Using=xpath, value=//android.widget.ImageView[@content-desc="Logo"]}
	at Tests.LaunchAppTests.Launch_Application(LaunchAppTests.java:14)
]]></failure>
    <system-out><![CDATA[Application Launched.
]]></system-out>
    <system-err><![CDATA[Jan 03, 2023 7:15:15 PM io.appium.java_client.remote.AppiumCommandExecutor$1 lambda$0
INFO: Detected dialect: W3C
]]></system-err>
  </testcase>
  <testcase name="Verify_the_UI_of_Sign_Up_screen" classname="Tests.SignUpTests" time="58.579">
    <system-out><![CDATA[FAILED: Launch_Application
org.openqa.selenium.NoSuchElementException: An element could not be located on the page using the given search parameters.
For documentation on this error, please visit: https://www.seleniumhq.org/exceptions/no_such_element.html
Build info: version: '3.141.59', revision: 'e82be7d358', time: '2018-11-14T08:17:03'
System info: host: 'Admins-MacBook-Pro.local', ip: 'fe80:0:0:0:8f:c148:5c9e:6494%en0', os.name: 'Mac OS X', os.arch: 'x86_64', os.version: '12.4', java.version: '19.0.1'
Driver info: io.appium.java_client.android.AndroidDriver
Capabilities {app: /Users/admin/Desktop/Plai_M..., appPackage: com.app.plaisports, autoAcceptAlerts: true, autoGrantPermissions: true, automationName: UiAutomator2, databaseEnabled: false, desired: {app: /Users/admin/Desktop/Plai_M..., autoAcceptAlerts: true, autoGrantPermissions: true, automationName: UiAutomator2, deviceName: 25e4e5308f0d7ece, platformName: android, platformVersion: 10, resetKeyboard: false, unicodeKeyboard: false}, deviceApiLevel: 29, deviceManufacturer: samsung, deviceModel: SM-N960F, deviceName: 25e4e5308f0d7ece, deviceScreenDensity: 420, deviceScreenSize: 1080x2220, deviceUDID: 25e4e5308f0d7ece, javascriptEnabled: true, locationContextEnabled: false, networkConnectionEnabled: true, pixelRatio: 2.625, platform: LINUX, platformName: android, platformVersion: 10, resetKeyboard: false, statBarHeight: 63, takesScreenshot: true, unicodeKeyboard: false, viewportRect: {height: 2031, left: 0, top: 63, width: 1080}, warnings: {}, webStorageEnabled: false}
Session ID: ab73d8bd-6769-4498-89a4-23487416a821
*** Element info: {Using=xpath, value=//android.widget.ImageView[@content-desc="Logo"]}
	at java.base/jdk.internal.reflect.DirectConstructorHandleAccessor.newInstance(DirectConstructorHandleAccessor.java:67)
	at java.base/java.lang.reflect.Constructor.newInstanceWithCaller(Constructor.java:500)
	at java.base/java.lang.reflect.Constructor.newInstance(Constructor.java:484)
	at org.openqa.selenium.remote.http.W3CHttpResponseCodec.createException(W3CHttpResponseCodec.java:187)
	at org.openqa.selenium.remote.http.W3CHttpResponseCodec.decode(W3CHttpResponseCodec.java:122)
	at org.openqa.selenium.remote.http.W3CHttpResponseCodec.decode(W3CHttpResponseCodec.java:49)
	at org.openqa.selenium.remote.HttpCommandExecutor.execute(HttpCommandExecutor.java:158)
	at io.appium.java_client.remote.AppiumCommandExecutor.execute(AppiumCommandExecutor.java:247)
	at org.openqa.selenium.remote.RemoteWebDriver.execute(RemoteWebDriver.java:552)
	at io.appium.java_client.DefaultGenericMobileDriver.execute(DefaultGenericMobileDriver.java:41)
	at io.appium.java_client.AppiumDriver.execute(AppiumDriver.java:1)
	at io.appium.java_client.android.AndroidDriver.execute(AndroidDriver.java:1)
	at org.openqa.selenium.remote.RemoteWebDriver.findElement(RemoteWebDriver.java:323)
	at io.appium.java_client.DefaultGenericMobileDriver.findElement(DefaultGenericMobileDriver.java:61)
	at io.appium.java_client.AppiumDriver.findElement(AppiumDriver.java:1)
	at io.appium.java_client.android.AndroidDriver.findElement(AndroidDriver.java:1)
	at org.openqa.selenium.remote.RemoteWebDriver.findElementByXPath(RemoteWebDriver.java:428)
	at io.appium.java_client.DefaultGenericMobileDriver.findElementByXPath(DefaultGenericMobileDriver.java:151)
	at io.appium.java_client.AppiumDriver.findElementByXPath(AppiumDriver.java:1)
	at io.appium.java_client.android.AndroidDriver.findElementByXPath(AndroidDriver.java:1)
	at org.openqa.selenium.By$ByXPath.findElement(By.java:353)
	at org.openqa.selenium.remote.RemoteWebDriver.findElement(RemoteWebDriver.java:315)
	at io.appium.java_client.DefaultGenericMobileDriver.findElement(DefaultGenericMobileDriver.java:57)
	at io.appium.java_client.AppiumDriver.findElement(AppiumDriver.java:1)
	at io.appium.java_client.android.AndroidDriver.findElement(AndroidDriver.java:1)
	at Pages.LaunchAppPage.logo_verification(LaunchAppPage.java:25)
	at Tests.LaunchAppTests.Launch_Application(LaunchAppTests.java:14)
	at java.base/jdk.internal.reflect.DirectMethodHandleAccessor.invoke(DirectMethodHandleAccessor.java:104)
	at java.base/java.lang.reflect.Method.invoke(Method.java:578)
	at org.testng.internal.MethodInvocationHelper.invokeMethod(MethodInvocationHelper.java:133)
	at org.testng.internal.TestInvoker.invokeMethod(TestInvoker.java:598)
	at org.testng.internal.TestInvoker.invokeTestMethod(TestInvoker.java:173)
	at org.testng.internal.MethodRunner.runInSequence(MethodRunner.java:46)
	at org.testng.internal.TestInvoker$MethodInvocationAgent.invoke(TestInvoker.java:824)
	at org.testng.internal.TestInvoker.invokeTestMethods(TestInvoker.java:146)
	at org.testng.internal.TestMethodWorker.invokeTestMethods(TestMethodWorker.java:146)
	at org.testng.internal.TestMethodWorker.run(TestMethodWorker.java:128)
	at java.base/java.util.ArrayList.forEach(ArrayList.java:1511)
	at org.testng.TestRunner.privateRun(TestRunner.java:794)
	at org.testng.TestRunner.run(TestRunner.java:596)
	at org.testng.SuiteRunner.runTest(SuiteRunner.java:377)
	at org.testng.SuiteRunner.runSequentially(SuiteRunner.java:371)
	at org.testng.SuiteRunner.privateRun(SuiteRunner.java:332)
	at org.testng.SuiteRunner.run(SuiteRunner.java:276)
	at org.testng.SuiteRunnerWorker.runSuite(SuiteRunnerWorker.java:53)
	at org.testng.SuiteRunnerWorker.run(SuiteRunnerWorker.java:96)
	at org.testng.TestNG.runSuitesSequentially(TestNG.java:1212)
	at org.testng.TestNG.runSuitesLocally(TestNG.java:1134)
	at org.testng.TestNG.runSuites(TestNG.java:1063)
	at org.testng.TestNG.run(TestNG.java:1031)
	at org.apache.maven.surefire.testng.TestNGExecutor.run(TestNGExecutor.java:284)
	at org.apache.maven.surefire.testng.TestNGXmlTestSuite.execute(TestNGXmlTestSuite.java:75)
	at org.apache.maven.surefire.testng.TestNGProvider.invoke(TestNGProvider.java:119)
	at org.apache.maven.surefire.booter.ForkedBooter.runSuitesInProcess(ForkedBooter.java:428)
	at org.apache.maven.surefire.booter.ForkedBooter.execute(ForkedBooter.java:162)
	at org.apache.maven.surefire.booter.ForkedBooter.run(ForkedBooter.java:562)
	at org.apache.maven.surefire.booter.ForkedBooter.main(ForkedBooter.java:548)


===============================================
    Launch Application : Verify Application is launched
    Tests run: 1, Failures: 1, Skips: 0
===============================================

Application Launched.
Logo is verified.
Clicked on skip button.
Clicked on next button.
Clicked on signup button.
Back icon is verified.
First name field is verified.
Last name field is verified.
Email field is verified.
Password field is verified.
Eye icon is verified.
Confirm password field is verified.
Eye icon is verified.
Terms and condition text is verified.
Next button is verified.
Login link is verified.
]]></system-out>
    <system-err><![CDATA[Jan 03, 2023 7:15:53 PM org.openqa.selenium.remote.Augmenter extractRemoteWebDriver
WARNING: Augmenter should be applied to the instances of @Augmentable classes or previously augmented instances only (instance class was: class io.appium.java_client.android.AndroidDriver)
Jan 03, 2023 7:16:03 PM io.appium.java_client.remote.AppiumCommandExecutor$1 lambda$0
INFO: Detected dialect: W3C
]]></system-err>
  </testcase>
  <testcase name="Verify_the_navigation_by_clicking_on_Back_icon" classname="Tests.SignUpTests" time="40.719">
    <system-out><![CDATA[PASS : Verify_the_UI_of_Sign_Up_screen<br><br>---------------------------------------------------------------------------<br><br>
Application Launched.
Logo is verified.
Clicked on skip button.
Clicked on next button.
Clicked on signup button.
Back icon is verified.
Back icon is clicked.
Login text is verified
]]></system-out>
    <system-err><![CDATA[Jan 03, 2023 7:17:11 PM io.appium.java_client.remote.AppiumCommandExecutor$1 lambda$0
INFO: Detected dialect: W3C
]]></system-err>
  </testcase>
  <testcase name="Verify_the_Next_button_without_entering_data_in_mandatory_fields" classname="Tests.SignUpTests" time="32.878">
    <system-out><![CDATA[PASS : Verify_the_navigation_by_clicking_on_Back_icon<br><br>---------------------------------------------------------------------------<br><br>
Application Launched.
Clicked on skip button.
Clicked on next button.
Clicked on signup button.
Next button is clicked.
validation message is verified
]]></system-out>
    <system-err><![CDATA[Jan 03, 2023 7:18:00 PM io.appium.java_client.remote.AppiumCommandExecutor$1 lambda$0
INFO: Detected dialect: W3C
]]></system-err>
  </testcase>
  <testcase name="Verify_the_Next_button_after_entering_data_in_First_Name_and_Last_Name" classname="Tests.SignUpTests" time="46.134">
    <system-out><![CDATA[PASS : Verify_the_Next_button_without_entering_data_in_mandatory_fields<br><br>---------------------------------------------------------------------------<br><br>
Application Launched.
Clicked on skip button.
Clicked on next button.
Clicked on signup button.
Clicked on first name field.
Entered first name:-giiio.
Clicked on last name field.
Entered last name:-fsskr.
Next button is clicked.
Email validation message is verified
]]></system-out>
    <system-err><![CDATA[Jan 03, 2023 7:18:41 PM io.appium.java_client.remote.AppiumCommandExecutor$1 lambda$0
INFO: Detected dialect: W3C
]]></system-err>
  </testcase>
  <testcase name="Verify_the_Enter_your_email_field_with_invalid_email_id" classname="Tests.SignUpTests" time="56.276">
    <system-out><![CDATA[PASS : Verify_the_Next_button_after_entering_data_in_First_Name_and_Last_Name<br><br>---------------------------------------------------------------------------<br><br>
Application Launched.
Clicked on skip button.
Clicked on next button.
Clicked on signup button.
Clicked on first name field.
Entered first name:-sfsvi.
Clicked on last name field.
Entered last name:-nfgnr.
Entered invalid email:-.cibxd@gmail.cibxd
Entered password:-Test@123
Entered confirm password.Test@123
Next button is clicked.
Logo is verified.
]]></system-out>
    <system-err><![CDATA[Jan 03, 2023 7:19:36 PM io.appium.java_client.remote.AppiumCommandExecutor$1 lambda$0
INFO: Detected dialect: W3C
]]></system-err>
  </testcase>
  <testcase name="Verify_the_Enter_your_email_field_with_valid_email_id" classname="Tests.SignUpTests" time="47.727">
    <system-out><![CDATA[PASS : Verify_the_Enter_your_email_field_with_invalid_email_id<br><br>---------------------------------------------------------------------------<br><br>
Application Launched.
Clicked on skip button.
Clicked on next button.
Clicked on signup button.
Clicked on first name field.
Entered first name:-jffkf.
Clicked on last name field.
Entered last name:-digqx.
Entered valid email:-.xxnx@gmail.com
Next button is clicked.
Password validation message is verified
]]></system-out>
    <system-err><![CDATA[Jan 03, 2023 7:20:41 PM io.appium.java_client.remote.AppiumCommandExecutor$1 lambda$0
INFO: Detected dialect: W3C
]]></system-err>
  </testcase>
  <testcase name="Verify_the_Password_field_by_entering_7_characters" classname="Tests.SignUpTests" time="51.64">
    <system-out><![CDATA[PASS : Verify_the_Enter_your_email_field_with_valid_email_id<br><br>---------------------------------------------------------------------------<br><br>
Application Launched.
Clicked on skip button.
Clicked on next button.
Clicked on signup button.
Clicked on first name field.
Entered first name:-rkirc.
Clicked on last name field.
Entered last name:-qrpcd.
Entered valid email:-.ymru@gmail.com
Entered 7char password:-rqgbrkf
Next button is clicked.
Password validation message is verified
]]></system-out>
    <system-err><![CDATA[Jan 03, 2023 7:21:37 PM io.appium.java_client.remote.AppiumCommandExecutor$1 lambda$0
INFO: Detected dialect: W3C
]]></system-err>
  </testcase>
  <testcase name="Verify_the_Password_field_by_entering_8_characters" classname="Tests.SignUpTests" time="37.155">
    <failure message="An element could not be located on the page using the given search parameters.&#10;For documentation on this error, please visit: https://www.seleniumhq.org/exceptions/no_such_element.html&#10;Build info: version: &apos;3.141.59&apos;, revision: &apos;e82be7d358&apos;, time: &apos;2018-11-14T08:17:03&apos;&#10;System info: host: &apos;Admins-MacBook-Pro.local&apos;, ip: &apos;fe80:0:0:0:8f:c148:5c9e:6494%en0&apos;, os.name: &apos;Mac OS X&apos;, os.arch: &apos;x86_64&apos;, os.version: &apos;12.4&apos;, java.version: &apos;19.0.1&apos;&#10;Driver info: io.appium.java_client.android.AndroidDriver&#10;Capabilities {app: /Users/admin/Desktop/Plai_M..., appPackage: com.app.plaisports, autoAcceptAlerts: true, autoGrantPermissions: true, automationName: UiAutomator2, databaseEnabled: false, desired: {app: /Users/admin/Desktop/Plai_M..., autoAcceptAlerts: true, autoGrantPermissions: true, automationName: UiAutomator2, deviceName: 25e4e5308f0d7ece, platformName: android, platformVersion: 10, resetKeyboard: false, unicodeKeyboard: false}, deviceApiLevel: 29, deviceManufacturer: samsung, deviceModel: SM-N960F, deviceName: 25e4e5308f0d7ece, deviceScreenDensity: 420, deviceScreenSize: 1080x2220, deviceUDID: 25e4e5308f0d7ece, javascriptEnabled: true, locationContextEnabled: false, networkConnectionEnabled: true, pixelRatio: 2.625, platform: LINUX, platformName: android, platformVersion: 10, resetKeyboard: false, statBarHeight: 63, takesScreenshot: true, unicodeKeyboard: false, viewportRect: {height: 2031, left: 0, top: 63, width: 1080}, warnings: {}, webStorageEnabled: false}&#10;Session ID: f7313d4a-a0b3-4bda-b2b9-e0d3a0e65b01&#10;*** Element info: {Using=xpath, value=//android.view.View/android.view.View[2]/android.widget.Button}" type="org.openqa.selenium.NoSuchElementException"><![CDATA[org.openqa.selenium.NoSuchElementException: 
An element could not be located on the page using the given search parameters.
For documentation on this error, please visit: https://www.seleniumhq.org/exceptions/no_such_element.html
Build info: version: '3.141.59', revision: 'e82be7d358', time: '2018-11-14T08:17:03'
System info: host: 'Admins-MacBook-Pro.local', ip: 'fe80:0:0:0:8f:c148:5c9e:6494%en0', os.name: 'Mac OS X', os.arch: 'x86_64', os.version: '12.4', java.version: '19.0.1'
Driver info: io.appium.java_client.android.AndroidDriver
Capabilities {app: /Users/admin/Desktop/Plai_M..., appPackage: com.app.plaisports, autoAcceptAlerts: true, autoGrantPermissions: true, automationName: UiAutomator2, databaseEnabled: false, desired: {app: /Users/admin/Desktop/Plai_M..., autoAcceptAlerts: true, autoGrantPermissions: true, automationName: UiAutomator2, deviceName: 25e4e5308f0d7ece, platformName: android, platformVersion: 10, resetKeyboard: false, unicodeKeyboard: false}, deviceApiLevel: 29, deviceManufacturer: samsung, deviceModel: SM-N960F, deviceName: 25e4e5308f0d7ece, deviceScreenDensity: 420, deviceScreenSize: 1080x2220, deviceUDID: 25e4e5308f0d7ece, javascriptEnabled: true, locationContextEnabled: false, networkConnectionEnabled: true, pixelRatio: 2.625, platform: LINUX, platformName: android, platformVersion: 10, resetKeyboard: false, statBarHeight: 63, takesScreenshot: true, unicodeKeyboard: false, viewportRect: {height: 2031, left: 0, top: 63, width: 1080}, warnings: {}, webStorageEnabled: false}
Session ID: f7313d4a-a0b3-4bda-b2b9-e0d3a0e65b01
*** Element info: {Using=xpath, value=//android.view.View/android.view.View[2]/android.widget.Button}
	at Tests.SignUpTests.Verify_the_Password_field_by_entering_8_characters(SignUpTests.java:139)
]]></failure>
    <system-out><![CDATA[PASS : Verify_the_Password_field_by_entering_7_characters<br><br>---------------------------------------------------------------------------<br><br>
Application Launched.
]]></system-out>
    <system-err><![CDATA[Jan 03, 2023 7:22:37 PM io.appium.java_client.remote.AppiumCommandExecutor$1 lambda$0
INFO: Detected dialect: W3C
]]></system-err>
  </testcase>
  <testcase name="Verify_the_Password_field_by_entering_password_which_contain_8_character_including_1_uppercase_and_1_number" classname="Tests.SignUpTests" time="51.719">
    <system-out><![CDATA[Application Launched.
Clicked on skip button.
Clicked on next button.
Clicked on signup button.
Clicked on first name field.
Entered first name:-cdirv.
Clicked on last name field.
Entered last name:-gforo.
Entered valid email:-.inrv@gmail.com
Entered 8char password with 1uppercase and 1number:-Adizvpd1
Text in red/green colour is verified
]]></system-out>
    <system-err><![CDATA[Jan 03, 2023 7:23:15 PM org.openqa.selenium.remote.Augmenter extractRemoteWebDriver
WARNING: Augmenter should be applied to the instances of @Augmentable classes or previously augmented instances only (instance class was: class io.appium.java_client.android.AndroidDriver)
Jan 03, 2023 7:23:25 PM io.appium.java_client.remote.AppiumCommandExecutor$1 lambda$0
INFO: Detected dialect: W3C
]]></system-err>
  </testcase>
  <testcase name="Verify_the_Password_field_by_entering_password_which_contain_8_character_including_1_uppercase_and_1_number_special_symbol" classname="Tests.SignUpTests" time="56.628">
    <system-out><![CDATA[PASS : Verify_the_Password_field_by_entering_password_which_contain_8_character_including_1_uppercase_and_1_number<br><br>---------------------------------------------------------------------------<br><br>
Application Launched.
Clicked on skip button.
Clicked on next button.
Clicked on signup button.
Clicked on first name field.
Entered first name:-qfvkf.
Clicked on last name field.
Entered last name:-dfcgg.
Entered valid email:-.vkfx@gmail.com
Entered 8char password with 1uppercase and 1number:-Aujjfi@1
Text in red/green colour is verified
]]></system-out>
    <system-err><![CDATA[Jan 03, 2023 7:24:25 PM io.appium.java_client.remote.AppiumCommandExecutor$1 lambda$0
INFO: Detected dialect: W3C
]]></system-err>
  </testcase>
  <testcase name="Verify_the_Password_field_by_entering_9_characters_including_uppercase_and_number" classname="Tests.SignUpTests" time="52.792">
    <system-out><![CDATA[PASS : Verify_the_Password_field_by_entering_password_which_contain_8_character_including_1_uppercase_and_1_number_special_symbol<br><br>---------------------------------------------------------------------------<br><br>
Application Launched.
Clicked on skip button.
Clicked on next button.
Clicked on signup button.
Clicked on first name field.
Entered first name:-pyjog.
Clicked on last name field.
Entered last name:-fimnc.
Entered valid email:-.rnmi@gmail.com
Entered 8char password with 1uppercase and 1number:-Afipkpum1
Next button is clicked.
Text in red/green colour is verified
]]></system-out>
    <system-err><![CDATA[Jan 03, 2023 7:25:31 PM io.appium.java_client.remote.AppiumCommandExecutor$1 lambda$0
INFO: Detected dialect: W3C
]]></system-err>
  </testcase>
  <testcase name="Verify_the_Eye_icon_functionality_for_Password_field" classname="Tests.SignUpTests" time="54.75">
    <system-out><![CDATA[PASS : Verify_the_Password_field_by_entering_9_characters_including_uppercase_and_number<br><br>---------------------------------------------------------------------------<br><br>
Application Launched.
Clicked on skip button.
Clicked on next button.
Clicked on signup button.
Clicked on first name field.
Entered first name:-dutbe.
Clicked on last name field.
Entered last name:-fjtrn.
Entered valid email:-.mibt@gmail.com
Entered password:-Test@123
Password is verified when 1st click on eye icon.
Password is verified when 2st click on eye icon.
Eye icon functionality is verified.
]]></system-out>
    <system-err><![CDATA[Jan 03, 2023 7:26:32 PM io.appium.java_client.remote.AppiumCommandExecutor$1 lambda$0
INFO: Detected dialect: W3C
]]></system-err>
  </testcase>
  <testcase name="Verify_the_Confirm_Password_field_by_entering_different_password_then_Password_field" classname="Tests.SignUpTests" time="55.809">
    <system-out><![CDATA[PASS : Verify_the_Eye_icon_functionality_for_Password_field<br><br>---------------------------------------------------------------------------<br><br>
Application Launched.
Clicked on skip button.
Clicked on next button.
Clicked on signup button.
Clicked on first name field.
Entered first name:-drffi.
Clicked on last name field.
Entered last name:-gjycg.
Entered valid email:-.mouf@gmail.com
Entered password:-Test@123
Entered confirm password.pfifbmji
Next button is clicked.
Password validation message is verified
]]></system-out>
    <system-err><![CDATA[Jan 03, 2023 7:27:36 PM io.appium.java_client.remote.AppiumCommandExecutor$1 lambda$0
INFO: Detected dialect: W3C
]]></system-err>
  </testcase>
  <testcase name="Verify_the_Confirm_Password_field_by_entering_same_password_as_Password_field" classname="Tests.SignUpTests" time="56.744">
    <system-out><![CDATA[PASS : Verify_the_Confirm_Password_field_by_entering_different_password_then_Password_field<br><br>---------------------------------------------------------------------------<br><br>
Application Launched.
Clicked on skip button.
Clicked on next button.
Clicked on signup button.
Clicked on first name field.
Entered first name:-ijyro.
Clicked on last name field.
Entered last name:-iqxnf.
Entered valid email:-.cjff@gmail.com
Entered password:-Test@123
Entered confirm password.Test@123
Next button is clicked.
Logo is verified.
]]></system-out>
    <system-err><![CDATA[Jan 03, 2023 7:28:40 PM io.appium.java_client.remote.AppiumCommandExecutor$1 lambda$0
INFO: Detected dialect: W3C
]]></system-err>
  </testcase>
  <testcase name="Verify_Terms_of_use_link" classname="Tests.SignUpTests" time="35.729">
    <system-out><![CDATA[PASS : Verify_the_Confirm_Password_field_by_entering_same_password_as_Password_field<br><br>---------------------------------------------------------------------------<br><br>
Application Launched.
Clicked on skip button.
Clicked on next button.
Clicked on signup button.
Clicked onTerms and condition link.
Terms and condition page is verified with back icon
]]></system-out>
    <system-err><![CDATA[Jan 03, 2023 7:29:46 PM io.appium.java_client.remote.AppiumCommandExecutor$1 lambda$0
INFO: Detected dialect: W3C
]]></system-err>
  </testcase>
  <testcase name="Verify_navigation_by_click_on_Back_icon_of_Terms_of_use_screen" classname="Tests.SignUpTests" time="41.169">
    <system-out><![CDATA[PASS : Verify_Terms_of_use_link<br><br>---------------------------------------------------------------------------<br><br>
Application Launched.
Clicked on skip button.
Clicked on next button.
Clicked on signup button.
Clicked onTerms and condition link.
Terms and condition page is verified with back icon
Back icon is clicked.
]]></system-out>
    <system-err><![CDATA[Jan 03, 2023 7:30:30 PM io.appium.java_client.remote.AppiumCommandExecutor$1 lambda$0
INFO: Detected dialect: W3C
]]></system-err>
  </testcase>
  <testcase name="Verify_Next_button_after_entering_valid_data_in_all_mandatory_fields" classname="Tests.SignUpTests" time="60.875">
    <system-out><![CDATA[PASS : Verify_navigation_by_click_on_Back_icon_of_Terms_of_use_screen<br><br>---------------------------------------------------------------------------<br><br>
Application Launched.
Clicked on skip button.
Clicked on next button.
Clicked on signup button.
Clicked on first name field.
Entered first name:-dxduj.
Clicked on last name field.
Entered last name:-rdvfz.
Entered valid email:-.ford@gmail.com
Entered password:-Test@123
Entered confirm password.Test@123
Next button is clicked.
Logo is verified.
Country is verified.
Mobile number field is verified.
DOB field is verified.
]]></system-out>
    <system-err><![CDATA[Jan 03, 2023 7:31:20 PM io.appium.java_client.remote.AppiumCommandExecutor$1 lambda$0
INFO: Detected dialect: W3C
]]></system-err>
  </testcase>
  <testcase name="Verify_the_Country_field" classname="Tests.SignUpTests" time="66.002">
    <system-out><![CDATA[PASS : Verify_Next_button_after_entering_valid_data_in_all_mandatory_fields<br><br>---------------------------------------------------------------------------<br><br>
Application Launched.
Clicked on skip button.
Clicked on next button.
Clicked on signup button.
Clicked on first name field.
Entered first name:-xrveo.
Clicked on last name field.
Entered last name:-fkisv.
Entered valid email:-.frei@gmail.com
Entered password:-Test@123
Entered confirm password.Test@123
Next button is clicked.
Logo is verified.
Country is verified.
Done link is verified.
Search bar is verified.
Default country is:-Andorra
Country is verified with dropdown.
]]></system-out>
    <system-err><![CDATA[Jan 03, 2023 7:32:29 PM io.appium.java_client.remote.AppiumCommandExecutor$1 lambda$0
INFO: Detected dialect: W3C
]]></system-err>
  </testcase>
  <testcase name="Verify_the_Country_field_by_tap_on_Dropdown_icon" classname="Tests.SignUpTests" time="61.195">
    <system-out><![CDATA[PASS : Verify_the_Country_field<br><br>---------------------------------------------------------------------------<br><br>
Application Launched.
Clicked on skip button.
Clicked on next button.
Clicked on signup button.
Clicked on first name field.
Entered first name:-vgfii.
Clicked on last name field.
Entered last name:-qfoqo.
Entered valid email:-.ztpo@gmail.com
Entered password:-Test@123
Entered confirm password.Test@123
Next button is clicked.
Logo is verified.
Country is verified.
List for the country doesn't open by tapping on 'Dropdown' icon
]]></system-out>
    <system-err><![CDATA[Jan 03, 2023 7:33:44 PM io.appium.java_client.remote.AppiumCommandExecutor$1 lambda$0
INFO: Detected dialect: W3C
]]></system-err>
  </testcase>
  <testcase name="Verify_Done_link_without_selecting_country" classname="Tests.SignUpTests" time="63.635">
    <system-out><![CDATA[PASS : Verify_the_Country_field_by_tap_on_Dropdown_icon<br><br>---------------------------------------------------------------------------<br><br>
Application Launched.
Clicked on skip button.
Clicked on next button.
Clicked on signup button.
Clicked on first name field.
Entered first name:-iinrs.
Clicked on last name field.
Entered last name:-sfsmd.
Entered valid email:-.odui@gmail.com
Entered password:-Test@123
Entered confirm password.Test@123
Next button is clicked.
Logo is verified.
Clicked on country field.
Unchecked selected country.
Clicked on done link.
Go to latest build.
]]></system-out>
    <system-err><![CDATA[Jan 03, 2023 7:34:54 PM io.appium.java_client.remote.AppiumCommandExecutor$1 lambda$0
INFO: Detected dialect: W3C
]]></system-err>
  </testcase>
  <testcase name="Verify_Done_link_after_selecting_country" classname="Tests.SignUpTests" time="75.076">
    <system-out><![CDATA[PASS : Verify_Done_link_without_selecting_country<br><br>---------------------------------------------------------------------------<br><br>
Application Launched.
Clicked on skip button.
Clicked on next button.
Clicked on signup button.
Clicked on first name field.
Entered first name:-zcqfd.
Clicked on last name field.
Entered last name:-kfxuk.
Entered valid email:-.dcdn@gmail.com
Entered password:-Test@123
Entered confirm password.Test@123
Next button is clicked.
Logo is verified.
Country is verified.
Clicked on country field.
checked selected country.
Clicked on done link.
Default country is:-United Arab Emirates (UAE)
Country is verified with dropdown.
]]></system-out>
    <system-err><![CDATA[Jan 03, 2023 7:36:06 PM io.appium.java_client.remote.AppiumCommandExecutor$1 lambda$0
INFO: Detected dialect: W3C
]]></system-err>
  </testcase>
  <testcase name="Verify_the_functionality_of_Search_bar" classname="Tests.SignUpTests" time="64.596">
    <failure message="androidx.test.uiautomator.StaleObjectException&#10;For documentation on this error, please visit: https://www.seleniumhq.org/exceptions/stale_element_reference.html&#10;Build info: version: &apos;3.141.59&apos;, revision: &apos;e82be7d358&apos;, time: &apos;2018-11-14T08:17:03&apos;&#10;System info: host: &apos;Admins-MacBook-Pro.local&apos;, ip: &apos;fe80:0:0:0:8f:c148:5c9e:6494%en0&apos;, os.name: &apos;Mac OS X&apos;, os.arch: &apos;x86_64&apos;, os.version: &apos;12.4&apos;, java.version: &apos;19.0.1&apos;&#10;Driver info: io.appium.java_client.android.AndroidDriver&#10;Capabilities {app: /Users/admin/Desktop/Plai_M..., appPackage: com.app.plaisports, autoAcceptAlerts: true, autoGrantPermissions: true, automationName: UiAutomator2, databaseEnabled: false, desired: {app: /Users/admin/Desktop/Plai_M..., autoAcceptAlerts: true, autoGrantPermissions: true, automationName: UiAutomator2, deviceName: 25e4e5308f0d7ece, platformName: android, platformVersion: 10, resetKeyboard: false, unicodeKeyboard: false}, deviceApiLevel: 29, deviceManufacturer: samsung, deviceModel: SM-N960F, deviceName: 25e4e5308f0d7ece, deviceScreenDensity: 420, deviceScreenSize: 1080x2220, deviceUDID: 25e4e5308f0d7ece, javascriptEnabled: true, locationContextEnabled: false, networkConnectionEnabled: true, pixelRatio: 2.625, platform: LINUX, platformName: android, platformVersion: 10, resetKeyboard: false, statBarHeight: 63, takesScreenshot: true, unicodeKeyboard: false, viewportRect: {height: 2031, left: 0, top: 63, width: 1080}, warnings: {}, webStorageEnabled: false}&#10;Session ID: 55d6a09d-304d-4429-9c5b-2e129fe93b21" type="org.openqa.selenium.StaleElementReferenceException"><![CDATA[org.openqa.selenium.StaleElementReferenceException: 
androidx.test.uiautomator.StaleObjectException
For documentation on this error, please visit: https://www.seleniumhq.org/exceptions/stale_element_reference.html
Build info: version: '3.141.59', revision: 'e82be7d358', time: '2018-11-14T08:17:03'
System info: host: 'Admins-MacBook-Pro.local', ip: 'fe80:0:0:0:8f:c148:5c9e:6494%en0', os.name: 'Mac OS X', os.arch: 'x86_64', os.version: '12.4', java.version: '19.0.1'
Driver info: io.appium.java_client.android.AndroidDriver
Capabilities {app: /Users/admin/Desktop/Plai_M..., appPackage: com.app.plaisports, autoAcceptAlerts: true, autoGrantPermissions: true, automationName: UiAutomator2, databaseEnabled: false, desired: {app: /Users/admin/Desktop/Plai_M..., autoAcceptAlerts: true, autoGrantPermissions: true, automationName: UiAutomator2, deviceName: 25e4e5308f0d7ece, platformName: android, platformVersion: 10, resetKeyboard: false, unicodeKeyboard: false}, deviceApiLevel: 29, deviceManufacturer: samsung, deviceModel: SM-N960F, deviceName: 25e4e5308f0d7ece, deviceScreenDensity: 420, deviceScreenSize: 1080x2220, deviceUDID: 25e4e5308f0d7ece, javascriptEnabled: true, locationContextEnabled: false, networkConnectionEnabled: true, pixelRatio: 2.625, platform: LINUX, platformName: android, platformVersion: 10, resetKeyboard: false, statBarHeight: 63, takesScreenshot: true, unicodeKeyboard: false, viewportRect: {height: 2031, left: 0, top: 63, width: 1080}, warnings: {}, webStorageEnabled: false}
Session ID: 55d6a09d-304d-4429-9c5b-2e129fe93b21
	at Tests.SignUpTests.Verify_the_functionality_of_Search_bar(SignUpTests.java:391)
]]></failure>
    <system-out><![CDATA[PASS : Verify_Done_link_after_selecting_country<br><br>---------------------------------------------------------------------------<br><br>
Application Launched.
Clicked on skip button.
Clicked on next button.
Clicked on signup button.
Clicked on first name field.
Entered first name:-ffijd.
Clicked on last name field.
Entered last name:-fvcpq.
Entered valid email:-.cfri@gmail.com
Entered password:-Test@123
Entered confirm password.Test@123
Next button is clicked.
Clicked on country field.
]]></system-out>
    <system-err><![CDATA[Jan 03, 2023 7:37:30 PM io.appium.java_client.remote.AppiumCommandExecutor$1 lambda$0
INFO: Detected dialect: W3C
]]></system-err>
  </testcase>
  <testcase name="Verify_the_Country_Code_dropdown_list_of_Mobile_Number_field" classname="Tests.SignUpTests" time="62.412">
    <system-out><![CDATA[Application Launched.
Clicked on skip button.
Clicked on next button.
Clicked on signup button.
Clicked on first name field.
Entered first name:-sjvji.
Clicked on last name field.
Entered last name:-jiirz.
Entered valid email:-.ysve@gmail.com
Entered password:-Test@123
Entered confirm password.Test@123
Next button is clicked.
Clicked on company code drop down.
Back icon is verified.
Search icon is verified.
Country_name_with_flag is verified.
]]></system-out>
    <system-err><![CDATA[Jan 03, 2023 7:38:35 PM org.openqa.selenium.remote.Augmenter extractRemoteWebDriver
WARNING: Augmenter should be applied to the instances of @Augmentable classes or previously augmented instances only (instance class was: class io.appium.java_client.android.AndroidDriver)
Jan 03, 2023 7:38:44 PM io.appium.java_client.remote.AppiumCommandExecutor$1 lambda$0
INFO: Detected dialect: W3C
]]></system-err>
  </testcase>
  <testcase name="Verify_the_navigation_by_clicking_on_Back_icon_of_Search_Country_screen" classname="Tests.SignUpTests" time="65.81">
    <system-out><![CDATA[PASS : Verify_the_Country_Code_dropdown_list_of_Mobile_Number_field<br><br>---------------------------------------------------------------------------<br><br>
Application Launched.
Clicked on skip button.
Clicked on next button.
Clicked on signup button.
Clicked on first name field.
Entered first name:-nqkex.
Clicked on last name field.
Entered last name:-rzffm.
Entered valid email:-.fsfv@gmail.com
Entered password:-Test@123
Entered confirm password.Test@123
Next button is clicked.
Clicked on company code drop down.
Back icon is clicked.
Logo is verified.
]]></system-out>
    <system-err><![CDATA[Jan 03, 2023 7:39:55 PM io.appium.java_client.remote.AppiumCommandExecutor$1 lambda$0
INFO: Detected dialect: W3C
]]></system-err>
  </testcase>
  <testcase name="Verify_the_Search_icon_of_Select_Country" classname="Tests.SignUpTests" time="63.871">
    <system-out><![CDATA[PASS : Verify_the_navigation_by_clicking_on_Back_icon_of_Search_Country_screen<br><br>---------------------------------------------------------------------------<br><br>
Application Launched.
Clicked on skip button.
Clicked on next button.
Clicked on signup button.
Clicked on first name field.
Entered first name:-zforf.
Clicked on last name field.
Entered last name:-crydi.
Entered valid email:-.ivov@gmail.com
Entered password:-Test@123
Entered confirm password.Test@123
Next button is clicked.
Clicked on company code drop down.
Clicked on Search icon.
Verified search bar.
]]></system-out>
    <system-err><![CDATA[Jan 03, 2023 7:41:09 PM io.appium.java_client.remote.AppiumCommandExecutor$1 lambda$0
INFO: Detected dialect: W3C
]]></system-err>
  </testcase>
  <testcase name="Verify_the_functionality_of_Search_bar_country_code" classname="Tests.SignUpTests" time="62.887">
    <system-out><![CDATA[PASS : Verify_the_Search_icon_of_Select_Country<br><br>---------------------------------------------------------------------------<br><br>
Application Launched.
Clicked on skip button.
Clicked on next button.
Clicked on signup button.
Clicked on first name field.
Entered first name:-dicjc.
Clicked on last name field.
Entered last name:-vvopj.
Entered valid email:-.xfsj@gmail.com
Entered password:-Test@123
Entered confirm password.Test@123
Next button is clicked.
Clicked on company code drop down.
Clicked on Search icon.
Clicked on search bar.
Country name is displayed.
]]></system-out>
    <system-err><![CDATA[Jan 03, 2023 7:42:22 PM io.appium.java_client.remote.AppiumCommandExecutor$1 lambda$0
INFO: Detected dialect: W3C
]]></system-err>
  </testcase>
  <testcase name="Verify_the_list_of_country_by_selecting_any_country" classname="Tests.SignUpTests" time="68.003">
    <system-out><![CDATA[PASS : Verify_the_functionality_of_Search_bar_country_code<br><br>---------------------------------------------------------------------------<br><br>
Application Launched.
Clicked on skip button.
Clicked on next button.
Clicked on signup button.
Clicked on first name field.
Entered first name:-egibm.
Clicked on last name field.
Entered last name:-cfivm.
Entered valid email:-.cfvb@gmail.com
Entered password:-Test@123
Entered confirm password.Test@123
Next button is clicked.
Clicked on company code drop down.
Clicked on Search icon.
Clicked on search bar.
Country name is displayed.
Country code is verified
]]></system-out>
    <system-err><![CDATA[Jan 03, 2023 7:43:33 PM io.appium.java_client.remote.AppiumCommandExecutor$1 lambda$0
INFO: Detected dialect: W3C
]]></system-err>
  </testcase>
  <testcase name="Verify_the_Mobile_Number_field" classname="Tests.SignUpTests" time="61.135">
    <system-out><![CDATA[PASS : Verify_the_list_of_country_by_selecting_any_country<br><br>---------------------------------------------------------------------------<br><br>
Application Launched.
Clicked on skip button.
Clicked on next button.
Clicked on signup button.
Clicked on first name field.
Entered first name:-rvdxd.
Clicked on last name field.
Entered last name:-fqirj.
Entered valid email:-.cinc@gmail.com
Entered password:-Test@123
Entered confirm password.Test@123
Next button is clicked.
Logo is verified.
Clicked on Mobile number field.
Keyboard is verified.
]]></system-out>
    <system-err><![CDATA[Jan 03, 2023 7:44:50 PM io.appium.java_client.remote.AppiumCommandExecutor$1 lambda$0
INFO: Detected dialect: W3C
]]></system-err>
  </testcase>
  <testcase name="Verify_the_Mobile_Number_field_by_entering_more_than_10_digit_number" classname="Tests.SignUpTests" time="70.223">
    <system-out><![CDATA[PASS : Verify_the_Mobile_Number_field<br><br>---------------------------------------------------------------------------<br><br>
Application Launched.
Clicked on skip button.
Clicked on next button.
Clicked on signup button.
Clicked on first name field.
Entered first name:-xefcf.
Clicked on last name field.
Entered last name:-ffnzg.
Entered valid email:-.itsk@gmail.com
Entered password:-Test@123
Entered confirm password.Test@123
Next button is clicked.
Clicked on Mobile number field.
Entered mobile number is:--660878284
]]></system-out>
    <system-err><![CDATA[Jan 03, 2023 7:46:00 PM io.appium.java_client.remote.AppiumCommandExecutor$1 lambda$0
INFO: Detected dialect: W3C
]]></system-err>
  </testcase>
  <testcase name="Verify_the_Mobile_Number_field_by_entering_10_digit_number" classname="Tests.SignUpTests" time="75.189">
    <system-out><![CDATA[PASS : Verify_the_Mobile_Number_field_by_entering_more_than_10_digit_number<br><br>---------------------------------------------------------------------------<br><br>
Application Launched.
Clicked on skip button.
Clicked on next button.
Clicked on signup button.
Clicked on first name field.
Entered first name:-ntsqf.
Clicked on last name field.
Entered last name:-vsnfq.
Entered valid email:-.igfx@gmail.com
Entered password:-Test@123
Entered confirm password.Test@123
Next button is clicked.
Clicked on Mobile number field.
Entered mobile number is:-9432673481
Next button is clicked.
validation message is verified
]]></system-out>
    <system-err><![CDATA[Jan 03, 2023 7:47:18 PM io.appium.java_client.remote.AppiumCommandExecutor$1 lambda$0
INFO: Detected dialect: W3C
]]></system-err>
  </testcase>
  <testcase name="Verify_the_Date_of_Birth_field" classname="Tests.SignUpTests" time="60.964">
    <system-out><![CDATA[PASS : Verify_the_Mobile_Number_field_by_entering_10_digit_number<br><br>---------------------------------------------------------------------------<br><br>
Application Launched.
Clicked on skip button.
Clicked on next button.
Clicked on signup button.
Clicked on first name field.
Entered first name:-fcycj.
Clicked on last name field.
Entered last name:-vixpf.
Entered valid email:-.nbfz@gmail.com
Entered password:-Test@123
Entered confirm password.Test@123
Next button is clicked.
Clicked on DOB field.
By default year is verified.
By default day and month is verified.
]]></system-out>
    <system-err><![CDATA[Jan 03, 2023 7:48:42 PM io.appium.java_client.remote.AppiumCommandExecutor$1 lambda$0
INFO: Detected dialect: W3C
]]></system-err>
  </testcase>
  <testcase name="Verify_the_Year_by_click_on_it" classname="Tests.SignUpTests" time="64.377">
    <system-out><![CDATA[PASS : Verify_the_Date_of_Birth_field<br><br>---------------------------------------------------------------------------<br><br>
Application Launched.
Clicked on skip button.
Clicked on next button.
Clicked on signup button.
Clicked on first name field.
Entered first name:-rjcrb.
Clicked on last name field.
Entered last name:-ksxvj.
Entered valid email:-.fdfu@gmail.com
Entered password:-Test@123
Entered confirm password.Test@123
Next button is clicked.
Clicked on DOB field.
Clicked on by default year.
_______________________years are displayed in year page_______________________________
1999
2000
2001
2002
2003
2004
2005
]]></system-out>
    <system-err><![CDATA[Jan 03, 2023 7:49:52 PM io.appium.java_client.remote.AppiumCommandExecutor$1 lambda$0
INFO: Detected dialect: W3C
]]></system-err>
  </testcase>
  <testcase name="Verify_the_cancel_button_of_Calendar" classname="Tests.SignUpTests" time="63.02">
    <system-out><![CDATA[PASS : Verify_the_Year_by_click_on_it<br><br>---------------------------------------------------------------------------<br><br>
Application Launched.
Clicked on skip button.
Clicked on next button.
Clicked on signup button.
Clicked on first name field.
Entered first name:-rirrd.
Clicked on last name field.
Entered last name:-cfvdk.
Entered valid email:-.effv@gmail.com
Entered password:-Test@123
Entered confirm password.Test@123
Next button is clicked.
Clicked on DOB field.
Clicked on cancel button.
Calender is closed.
]]></system-out>
    <system-err><![CDATA[Jan 03, 2023 7:51:05 PM io.appium.java_client.remote.AppiumCommandExecutor$1 lambda$0
INFO: Detected dialect: W3C
]]></system-err>
  </testcase>
  <testcase name="Verify_the_ok_button_of_Calendar" classname="Tests.SignUpTests" time="62.96">
    <system-out><![CDATA[PASS : Verify_the_cancel_button_of_Calendar<br><br>---------------------------------------------------------------------------<br><br>
Application Launched.
Clicked on skip button.
Clicked on next button.
Clicked on signup button.
Clicked on first name field.
Entered first name:-mjrrz.
Clicked on last name field.
Entered last name:-vdogf.
Entered valid email:-.oitr@gmail.com
Entered password:-Test@123
Entered confirm password.Test@123
Next button is clicked.
Clicked on DOB field.
Clicked on cancel button.
Calender is closed.
Dob is:-03 Jan 2005
]]></system-out>
    <system-err><![CDATA[Jan 03, 2023 7:52:17 PM io.appium.java_client.remote.AppiumCommandExecutor$1 lambda$0
INFO: Detected dialect: W3C
]]></system-err>
  </testcase>
  <testcase name="Verify_the_Next_button_before_entering_data_in_fields" classname="Tests.SignUpTests" time="63.405">
    <system-out><![CDATA[PASS : Verify_the_ok_button_of_Calendar<br><br>---------------------------------------------------------------------------<br><br>
Application Launched.
Clicked on skip button.
Clicked on next button.
Clicked on signup button.
Clicked on first name field.
Entered first name:-oddtx.
Clicked on last name field.
Entered last name:-xncgn.
Entered valid email:-.dffc@gmail.com
Entered password:-Test@123
Entered confirm password.Test@123
Next button is clicked.
Next button is clicked.
validation message is verified
]]></system-out>
    <system-err><![CDATA[Jan 03, 2023 7:53:28 PM io.appium.java_client.remote.AppiumCommandExecutor$1 lambda$0
INFO: Detected dialect: W3C
]]></system-err>
  </testcase>
  <testcase name="Verify_the_Next_button_after_entering_data_in_all_mandatory_fields" classname="Tests.SignUpTests" time="88.912">
    <system-out><![CDATA[PASS : Verify_the_Next_button_before_entering_data_in_fields<br><br>---------------------------------------------------------------------------<br><br>
Application Launched.
Clicked on skip button.
Clicked on next button.
Clicked on signup button.
Clicked on first name field.
Entered first name:-ijonu.
Clicked on last name field.
Entered last name:-xfffu.
Entered valid email:-.pktj@gmail.com
Entered password:-Test@123
Entered confirm password.Test@123
Next button is clicked.
Done link is verified.
Search bar is verified.
Default country is:-Andorra
Country is verified with dropdown.
Clicked on Mobile number field.
Entered mobile number is:-9432673481
Clicked on DOB field.
Clicked on cancel button.
Calender is closed.
Next button is clicked.
Sport that you play text is verified.
]]></system-out>
    <system-err><![CDATA[Jan 03, 2023 7:54:40 PM io.appium.java_client.remote.AppiumCommandExecutor$1 lambda$0
INFO: Detected dialect: W3C
]]></system-err>
  </testcase>
  <testcase name="Verify_the_fields_display_on_SPORT_THAT_YOU_PLAY_screen" classname="Tests.SignUpTests" time="114.68">
    <system-out><![CDATA[PASS : Verify_the_Next_button_after_entering_data_in_all_mandatory_fields<br><br>---------------------------------------------------------------------------<br><br>
Application Launched.
Clicked on skip button.
Clicked on next button.
Clicked on signup button.
Clicked on first name field.
Entered first name:-fifcb.
Clicked on last name field.
Entered last name:-ufvdf.
Entered valid email:-.fddx@gmail.com
Entered password:-Test@123
Entered confirm password.Test@123
Next button is clicked.
Done link is verified.
Search bar is verified.
Default country is:-Andorra
Country is verified with dropdown.
Clicked on Mobile number field.
Entered mobile number is:-9432673481
Clicked on DOB field.
Clicked on cancel button.
Calender is closed.
Next button is clicked.
Sport that you play text is verified.
Back icon is verified.
Verified search bar.
 Cricket is verified
 Airsoft is verified
]]></system-out>
    <system-err><![CDATA[Jan 03, 2023 7:56:18 PM io.appium.java_client.remote.AppiumCommandExecutor$1 lambda$0
INFO: Detected dialect: W3C
]]></system-err>
  </testcase>
  <testcase name="Verify_navigation_by_click_on_Back_icon" classname="Tests.SignUpTests" time="99.268">
    <system-out><![CDATA[PASS : Verify_the_fields_display_on_SPORT_THAT_YOU_PLAY_screen<br><br>---------------------------------------------------------------------------<br><br>
Application Launched.
Clicked on skip button.
Clicked on next button.
Clicked on signup button.
Clicked on first name field.
Entered first name:-ojbff.
Clicked on last name field.
Entered last name:-cjvie.
Entered valid email:-.ijmc@gmail.com
Entered password:-Test@123
Entered confirm password.Test@123
Next button is clicked.
Done link is verified.
Search bar is verified.
Default country is:-Andorra
Country is verified with dropdown.
Clicked on Mobile number field.
Entered mobile number is:-9432673481
Clicked on DOB field.
Clicked on cancel button.
Calender is closed.
Next button is clicked.
Sport that you play text is verified.
Back icon is verified.
Back icon is clicked.
Logo is verified.
]]></system-out>
    <system-err><![CDATA[Jan 03, 2023 7:58:22 PM io.appium.java_client.remote.AppiumCommandExecutor$1 lambda$0
INFO: Detected dialect: W3C
]]></system-err>
  </testcase>
  <testcase name="Verify_the_list_of_sports_by_selecting_one_or_more_sports" classname="Tests.SignUpTests" time="98.818">
    <system-out><![CDATA[PASS : Verify_navigation_by_click_on_Back_icon<br><br>---------------------------------------------------------------------------<br><br>
Application Launched.
Clicked on skip button.
Clicked on next button.
Clicked on signup button.
Clicked on first name field.
Entered first name:-sufms.
Clicked on last name field.
Entered last name:-drvtc.
Entered valid email:-.ridn@gmail.com
Entered password:-Test@123
Entered confirm password.Test@123
Next button is clicked.
Done link is verified.
Search bar is verified.
Default country is:-Andorra
Country is verified with dropdown.
Clicked on Mobile number field.
Entered mobile number is:-9432673481
Clicked on DOB field.
Clicked on cancel button.
Calender is closed.
Next button is clicked.
 Baseball is verified
Verify one sport from dropdown.
]]></system-out>
    <system-err><![CDATA[Jan 03, 2023 8:00:10 PM io.appium.java_client.remote.AppiumCommandExecutor$1 lambda$0
INFO: Detected dialect: W3C
]]></system-err>
  </testcase>
  <testcase name="Verify_the_functionality_of_Next_button_of_sport_page" classname="Tests.SignUpTests" time="95.085">
    <system-out><![CDATA[PASS : Verify_the_list_of_sports_by_selecting_one_or_more_sports<br><br>---------------------------------------------------------------------------<br><br>
Application Launched.
Clicked on skip button.
Clicked on next button.
Clicked on signup button.
Clicked on first name field.
Entered first name:-rgpoo.
Clicked on last name field.
Entered last name:-dqfir.
Entered valid email:-.fotp@gmail.com
Entered password:-Test@123
Entered confirm password.Test@123
Next button is clicked.
Done link is verified.
Search bar is verified.
Default country is:-Andorra
Country is verified with dropdown.
Clicked on Mobile number field.
Entered mobile number is:-9432673481
Clicked on DOB field.
Clicked on cancel button.
Calender is closed.
Next button is clicked.
Verify one sport from dropdown.
Next button is clicked.
UPLOAD PHOTO button is verified.
Male button is verified.
Female button is verified.
Prefer not to say button is verified.
SIGN UP button is verified.
]]></system-out>
    <system-err><![CDATA[Jan 03, 2023 8:01:57 PM io.appium.java_client.remote.AppiumCommandExecutor$1 lambda$0
INFO: Detected dialect: W3C
]]></system-err>
  </testcase>
  <testcase name="Verify_the_Upload_Photo_button" classname="Tests.SignUpTests" time="92.15">
    <system-out><![CDATA[PASS : Verify_the_functionality_of_Next_button_of_sport_page<br><br>---------------------------------------------------------------------------<br><br>
Application Launched.
Clicked on skip button.
Clicked on next button.
Clicked on signup button.
Clicked on first name field.
Entered first name:-pdofc.
Clicked on last name field.
Entered last name:-gorbz.
Entered valid email:-.mffi@gmail.com
Entered password:-Test@123
Entered confirm password.Test@123
Next button is clicked.
Done link is verified.
Search bar is verified.
Default country is:-Andorra
Country is verified with dropdown.
Clicked on Mobile number field.
Entered mobile number is:-9432673481
Clicked on DOB field.
Clicked on cancel button.
Calender is closed.
Next button is clicked.
Verify one sport from dropdown.
Next button is clicked.
UPLOAD PHOTO button is verified.
Clicked on upload photo button.
]]></system-out>
    <system-err><![CDATA[Jan 03, 2023 8:03:41 PM io.appium.java_client.remote.AppiumCommandExecutor$1 lambda$0
INFO: Detected dialect: W3C
]]></system-err>
  </testcase>
  <testcase name="Verify_the_Camera_Option" classname="Tests.SignUpTests" time="94.313">
    <system-out><![CDATA[PASS : Verify_the_Upload_Photo_button<br><br>---------------------------------------------------------------------------<br><br>
Application Launched.
Clicked on skip button.
Clicked on next button.
Clicked on signup button.
Clicked on first name field.
Entered first name:-rnvgx.
Clicked on last name field.
Entered last name:-fpkvj.
Entered valid email:-.dfmm@gmail.com
Entered password:-Test@123
Entered confirm password.Test@123
Next button is clicked.
Done link is verified.
Search bar is verified.
Default country is:-Andorra
Country is verified with dropdown.
Clicked on Mobile number field.
Entered mobile number is:-9432673481
Clicked on DOB field.
Clicked on cancel button.
Calender is closed.
Next button is clicked.
Verify one sport from dropdown.
Next button is clicked.
UPLOAD PHOTO button is verified.
Clicked on upload photo button.
Clicked on camera button.
Camera Application Opened
]]></system-out>
    <system-err><![CDATA[Jan 03, 2023 8:05:22 PM io.appium.java_client.remote.AppiumCommandExecutor$1 lambda$0
INFO: Detected dialect: W3C
]]></system-err>
  </testcase>
  <testcase name="Verify_the_Gallery_option" classname="Tests.SignUpTests" time="109.627">
    <failure message="An element could not be located on the page using the given search parameters.&#10;For documentation on this error, please visit: https://www.seleniumhq.org/exceptions/no_such_element.html&#10;Build info: version: &apos;3.141.59&apos;, revision: &apos;e82be7d358&apos;, time: &apos;2018-11-14T08:17:03&apos;&#10;System info: host: &apos;Admins-MacBook-Pro.local&apos;, ip: &apos;fe80:0:0:0:8f:c148:5c9e:6494%en0&apos;, os.name: &apos;Mac OS X&apos;, os.arch: &apos;x86_64&apos;, os.version: &apos;12.4&apos;, java.version: &apos;19.0.1&apos;&#10;Driver info: io.appium.java_client.android.AndroidDriver&#10;Capabilities {app: /Users/admin/Desktop/Plai_M..., appPackage: com.app.plaisports, autoAcceptAlerts: true, autoGrantPermissions: true, automationName: UiAutomator2, databaseEnabled: false, desired: {app: /Users/admin/Desktop/Plai_M..., autoAcceptAlerts: true, autoGrantPermissions: true, automationName: UiAutomator2, deviceName: 25e4e5308f0d7ece, platformName: android, platformVersion: 10, resetKeyboard: false, unicodeKeyboard: false}, deviceApiLevel: 29, deviceManufacturer: samsung, deviceModel: SM-N960F, deviceName: 25e4e5308f0d7ece, deviceScreenDensity: 420, deviceScreenSize: 1080x2220, deviceUDID: 25e4e5308f0d7ece, javascriptEnabled: true, locationContextEnabled: false, networkConnectionEnabled: true, pixelRatio: 2.625, platform: LINUX, platformName: android, platformVersion: 10, resetKeyboard: false, statBarHeight: 63, takesScreenshot: true, unicodeKeyboard: false, viewportRect: {height: 2031, left: 0, top: 63, width: 1080}, warnings: {}, webStorageEnabled: false}&#10;Session ID: a6790a50-11df-474c-96ce-ae9d08a280da&#10;*** Element info: {Using=xpath, value=//android.widget.LinearLayout[@content-desc=&quot;Test.jpg, 3.75 MB, 21 Dec&quot;]}" type="org.openqa.selenium.NoSuchElementException"><![CDATA[org.openqa.selenium.NoSuchElementException: 
An element could not be located on the page using the given search parameters.
For documentation on this error, please visit: https://www.seleniumhq.org/exceptions/no_such_element.html
Build info: version: '3.141.59', revision: 'e82be7d358', time: '2018-11-14T08:17:03'
System info: host: 'Admins-MacBook-Pro.local', ip: 'fe80:0:0:0:8f:c148:5c9e:6494%en0', os.name: 'Mac OS X', os.arch: 'x86_64', os.version: '12.4', java.version: '19.0.1'
Driver info: io.appium.java_client.android.AndroidDriver
Capabilities {app: /Users/admin/Desktop/Plai_M..., appPackage: com.app.plaisports, autoAcceptAlerts: true, autoGrantPermissions: true, automationName: UiAutomator2, databaseEnabled: false, desired: {app: /Users/admin/Desktop/Plai_M..., autoAcceptAlerts: true, autoGrantPermissions: true, automationName: UiAutomator2, deviceName: 25e4e5308f0d7ece, platformName: android, platformVersion: 10, resetKeyboard: false, unicodeKeyboard: false}, deviceApiLevel: 29, deviceManufacturer: samsung, deviceModel: SM-N960F, deviceName: 25e4e5308f0d7ece, deviceScreenDensity: 420, deviceScreenSize: 1080x2220, deviceUDID: 25e4e5308f0d7ece, javascriptEnabled: true, locationContextEnabled: false, networkConnectionEnabled: true, pixelRatio: 2.625, platform: LINUX, platformName: android, platformVersion: 10, resetKeyboard: false, statBarHeight: 63, takesScreenshot: true, unicodeKeyboard: false, viewportRect: {height: 2031, left: 0, top: 63, width: 1080}, warnings: {}, webStorageEnabled: false}
Session ID: a6790a50-11df-474c-96ce-ae9d08a280da
*** Element info: {Using=xpath, value=//android.widget.LinearLayout[@content-desc="Test.jpg, 3.75 MB, 21 Dec"]}
	at Tests.SignUpTests.Verify_the_Gallery_option(SignUpTests.java:886)
]]></failure>
    <system-out><![CDATA[PASS : Verify_the_Camera_Option<br><br>---------------------------------------------------------------------------<br><br>
Application Launched.
Clicked on skip button.
Clicked on next button.
Clicked on signup button.
Clicked on first name field.
Entered first name:-douip.
Clicked on last name field.
Entered last name:-yybfr.
Entered valid email:-.xptj@gmail.com
Entered password:-Test@123
Entered confirm password.Test@123
Next button is clicked.
Done link is verified.
Search bar is verified.
Default country is:-Andorra
Country is verified with dropdown.
Clicked on Mobile number field.
Entered mobile number is:-9432673481
Clicked on DOB field.
Clicked on cancel button.
Calender is closed.
Next button is clicked.
Verify one sport from dropdown.
Next button is clicked.
UPLOAD PHOTO button is verified.
Clicked on upload photo button.
Clicked on gallery button.
]]></system-out>
    <system-err><![CDATA[Jan 03, 2023 8:07:05 PM io.appium.java_client.remote.AppiumCommandExecutor$1 lambda$0
INFO: Detected dialect: W3C
]]></system-err>
  </testcase>
  <testcase name="Verify_the_screen_after_photo_select_from_Gallery" classname="Tests.SignUpTests" time="107.174">
    <failure message="An element could not be located on the page using the given search parameters.&#10;For documentation on this error, please visit: https://www.seleniumhq.org/exceptions/no_such_element.html&#10;Build info: version: &apos;3.141.59&apos;, revision: &apos;e82be7d358&apos;, time: &apos;2018-11-14T08:17:03&apos;&#10;System info: host: &apos;Admins-MacBook-Pro.local&apos;, ip: &apos;fe80:0:0:0:8f:c148:5c9e:6494%en0&apos;, os.name: &apos;Mac OS X&apos;, os.arch: &apos;x86_64&apos;, os.version: &apos;12.4&apos;, java.version: &apos;19.0.1&apos;&#10;Driver info: io.appium.java_client.android.AndroidDriver&#10;Capabilities {app: /Users/admin/Desktop/Plai_M..., appPackage: com.app.plaisports, autoAcceptAlerts: true, autoGrantPermissions: true, automationName: UiAutomator2, databaseEnabled: false, desired: {app: /Users/admin/Desktop/Plai_M..., autoAcceptAlerts: true, autoGrantPermissions: true, automationName: UiAutomator2, deviceName: 25e4e5308f0d7ece, platformName: android, platformVersion: 10, resetKeyboard: false, unicodeKeyboard: false}, deviceApiLevel: 29, deviceManufacturer: samsung, deviceModel: SM-N960F, deviceName: 25e4e5308f0d7ece, deviceScreenDensity: 420, deviceScreenSize: 1080x2220, deviceUDID: 25e4e5308f0d7ece, javascriptEnabled: true, locationContextEnabled: false, networkConnectionEnabled: true, pixelRatio: 2.625, platform: LINUX, platformName: android, platformVersion: 10, resetKeyboard: false, statBarHeight: 63, takesScreenshot: true, unicodeKeyboard: false, viewportRect: {height: 2031, left: 0, top: 63, width: 1080}, warnings: {}, webStorageEnabled: false}&#10;Session ID: 827582cd-2474-486f-8e05-1614eee070cc&#10;*** Element info: {Using=xpath, value=//android.widget.LinearLayout[@content-desc=&quot;Test.jpg, 3.75 MB, 21 Dec&quot;]}" type="org.openqa.selenium.NoSuchElementException"><![CDATA[org.openqa.selenium.NoSuchElementException: 
An element could not be located on the page using the given search parameters.
For documentation on this error, please visit: https://www.seleniumhq.org/exceptions/no_such_element.html
Build info: version: '3.141.59', revision: 'e82be7d358', time: '2018-11-14T08:17:03'
System info: host: 'Admins-MacBook-Pro.local', ip: 'fe80:0:0:0:8f:c148:5c9e:6494%en0', os.name: 'Mac OS X', os.arch: 'x86_64', os.version: '12.4', java.version: '19.0.1'
Driver info: io.appium.java_client.android.AndroidDriver
Capabilities {app: /Users/admin/Desktop/Plai_M..., appPackage: com.app.plaisports, autoAcceptAlerts: true, autoGrantPermissions: true, automationName: UiAutomator2, databaseEnabled: false, desired: {app: /Users/admin/Desktop/Plai_M..., autoAcceptAlerts: true, autoGrantPermissions: true, automationName: UiAutomator2, deviceName: 25e4e5308f0d7ece, platformName: android, platformVersion: 10, resetKeyboard: false, unicodeKeyboard: false}, deviceApiLevel: 29, deviceManufacturer: samsung, deviceModel: SM-N960F, deviceName: 25e4e5308f0d7ece, deviceScreenDensity: 420, deviceScreenSize: 1080x2220, deviceUDID: 25e4e5308f0d7ece, javascriptEnabled: true, locationContextEnabled: false, networkConnectionEnabled: true, pixelRatio: 2.625, platform: LINUX, platformName: android, platformVersion: 10, resetKeyboard: false, statBarHeight: 63, takesScreenshot: true, unicodeKeyboard: false, viewportRect: {height: 2031, left: 0, top: 63, width: 1080}, warnings: {}, webStorageEnabled: false}
Session ID: 827582cd-2474-486f-8e05-1614eee070cc
*** Element info: {Using=xpath, value=//android.widget.LinearLayout[@content-desc="Test.jpg, 3.75 MB, 21 Dec"]}
	at Tests.SignUpTests.Verify_the_screen_after_photo_select_from_Gallery(SignUpTests.java:914)
]]></failure>
    <system-out><![CDATA[Application Launched.
Clicked on skip button.
Clicked on next button.
Clicked on signup button.
Clicked on first name field.
Entered first name:-vbdjc.
Clicked on last name field.
Entered last name:-ocirn.
Entered valid email:-.ryxv@gmail.com
Entered password:-Test@123
Entered confirm password.Test@123
Next button is clicked.
Done link is verified.
Search bar is verified.
Default country is:-Andorra
Country is verified with dropdown.
Clicked on Mobile number field.
Entered mobile number is:-9432673481
Clicked on DOB field.
Clicked on cancel button.
Calender is closed.
Next button is clicked.
Verify one sport from dropdown.
Next button is clicked.
UPLOAD PHOTO button is verified.
Clicked on upload photo button.
Clicked on gallery button.
]]></system-out>
    <system-err><![CDATA[Jan 03, 2023 8:08:55 PM org.openqa.selenium.remote.Augmenter extractRemoteWebDriver
WARNING: Augmenter should be applied to the instances of @Augmentable classes or previously augmented instances only (instance class was: class io.appium.java_client.android.AndroidDriver)
Jan 03, 2023 8:09:05 PM io.appium.java_client.remote.AppiumCommandExecutor$1 lambda$0
INFO: Detected dialect: W3C
]]></system-err>
  </testcase>
  <testcase name="Verify_the_functionality_of_Rotation_icon" classname="Tests.SignUpTests" time="114.583">
    <failure message="An element could not be located on the page using the given search parameters.&#10;For documentation on this error, please visit: https://www.seleniumhq.org/exceptions/no_such_element.html&#10;Build info: version: &apos;3.141.59&apos;, revision: &apos;e82be7d358&apos;, time: &apos;2018-11-14T08:17:03&apos;&#10;System info: host: &apos;Admins-MacBook-Pro.local&apos;, ip: &apos;fe80:0:0:0:8f:c148:5c9e:6494%en0&apos;, os.name: &apos;Mac OS X&apos;, os.arch: &apos;x86_64&apos;, os.version: &apos;12.4&apos;, java.version: &apos;19.0.1&apos;&#10;Driver info: io.appium.java_client.android.AndroidDriver&#10;Capabilities {app: /Users/admin/Desktop/Plai_M..., appPackage: com.app.plaisports, autoAcceptAlerts: true, autoGrantPermissions: true, automationName: UiAutomator2, databaseEnabled: false, desired: {app: /Users/admin/Desktop/Plai_M..., autoAcceptAlerts: true, autoGrantPermissions: true, automationName: UiAutomator2, deviceName: 25e4e5308f0d7ece, platformName: android, platformVersion: 10, resetKeyboard: false, unicodeKeyboard: false}, deviceApiLevel: 29, deviceManufacturer: samsung, deviceModel: SM-N960F, deviceName: 25e4e5308f0d7ece, deviceScreenDensity: 420, deviceScreenSize: 1080x2220, deviceUDID: 25e4e5308f0d7ece, javascriptEnabled: true, locationContextEnabled: false, networkConnectionEnabled: true, pixelRatio: 2.625, platform: LINUX, platformName: android, platformVersion: 10, resetKeyboard: false, statBarHeight: 63, takesScreenshot: true, unicodeKeyboard: false, viewportRect: {height: 2031, left: 0, top: 63, width: 1080}, warnings: {}, webStorageEnabled: false}&#10;Session ID: 2a21d3a0-7c42-4f1e-814b-43e470b6e57a&#10;*** Element info: {Using=xpath, value=//android.widget.LinearLayout[@content-desc=&quot;Test.jpg, 3.75 MB, 21 Dec&quot;]}" type="org.openqa.selenium.NoSuchElementException"><![CDATA[org.openqa.selenium.NoSuchElementException: 
An element could not be located on the page using the given search parameters.
For documentation on this error, please visit: https://www.seleniumhq.org/exceptions/no_such_element.html
Build info: version: '3.141.59', revision: 'e82be7d358', time: '2018-11-14T08:17:03'
System info: host: 'Admins-MacBook-Pro.local', ip: 'fe80:0:0:0:8f:c148:5c9e:6494%en0', os.name: 'Mac OS X', os.arch: 'x86_64', os.version: '12.4', java.version: '19.0.1'
Driver info: io.appium.java_client.android.AndroidDriver
Capabilities {app: /Users/admin/Desktop/Plai_M..., appPackage: com.app.plaisports, autoAcceptAlerts: true, autoGrantPermissions: true, automationName: UiAutomator2, databaseEnabled: false, desired: {app: /Users/admin/Desktop/Plai_M..., autoAcceptAlerts: true, autoGrantPermissions: true, automationName: UiAutomator2, deviceName: 25e4e5308f0d7ece, platformName: android, platformVersion: 10, resetKeyboard: false, unicodeKeyboard: false}, deviceApiLevel: 29, deviceManufacturer: samsung, deviceModel: SM-N960F, deviceName: 25e4e5308f0d7ece, deviceScreenDensity: 420, deviceScreenSize: 1080x2220, deviceUDID: 25e4e5308f0d7ece, javascriptEnabled: true, locationContextEnabled: false, networkConnectionEnabled: true, pixelRatio: 2.625, platform: LINUX, platformName: android, platformVersion: 10, resetKeyboard: false, statBarHeight: 63, takesScreenshot: true, unicodeKeyboard: false, viewportRect: {height: 2031, left: 0, top: 63, width: 1080}, warnings: {}, webStorageEnabled: false}
Session ID: 2a21d3a0-7c42-4f1e-814b-43e470b6e57a
*** Element info: {Using=xpath, value=//android.widget.LinearLayout[@content-desc="Test.jpg, 3.75 MB, 21 Dec"]}
	at Tests.SignUpTests.Verify_the_functionality_of_Rotation_icon(SignUpTests.java:945)
]]></failure>
    <system-out><![CDATA[Application Launched.
Clicked on skip button.
Clicked on next button.
Clicked on signup button.
Clicked on first name field.
Entered first name:-mfibr.
Clicked on last name field.
Entered last name:-xjvpi.
Entered valid email:-.offc@gmail.com
Entered password:-Test@123
Entered confirm password.Test@123
Next button is clicked.
Done link is verified.
Search bar is verified.
Default country is:-Andorra
Country is verified with dropdown.
Clicked on Mobile number field.
Entered mobile number is:-9432673481
Clicked on DOB field.
Clicked on cancel button.
Calender is closed.
Next button is clicked.
Verify one sport from dropdown.
Next button is clicked.
UPLOAD PHOTO button is verified.
Clicked on upload photo button.
Clicked on gallery button.
]]></system-out>
    <system-err><![CDATA[Jan 03, 2023 8:10:52 PM org.openqa.selenium.remote.Augmenter extractRemoteWebDriver
WARNING: Augmenter should be applied to the instances of @Augmentable classes or previously augmented instances only (instance class was: class io.appium.java_client.android.AndroidDriver)
Jan 03, 2023 8:11:02 PM io.appium.java_client.remote.AppiumCommandExecutor$1 lambda$0
INFO: Detected dialect: W3C
]]></system-err>
  </testcase>
  <testcase name="Verify_the_functionality_of_Flip_icon" classname="Tests.SignUpTests" time="113.096">
    <failure message="An element could not be located on the page using the given search parameters.&#10;For documentation on this error, please visit: https://www.seleniumhq.org/exceptions/no_such_element.html&#10;Build info: version: &apos;3.141.59&apos;, revision: &apos;e82be7d358&apos;, time: &apos;2018-11-14T08:17:03&apos;&#10;System info: host: &apos;Admins-MacBook-Pro.local&apos;, ip: &apos;fe80:0:0:0:8f:c148:5c9e:6494%en0&apos;, os.name: &apos;Mac OS X&apos;, os.arch: &apos;x86_64&apos;, os.version: &apos;12.4&apos;, java.version: &apos;19.0.1&apos;&#10;Driver info: io.appium.java_client.android.AndroidDriver&#10;Capabilities {app: /Users/admin/Desktop/Plai_M..., appPackage: com.app.plaisports, autoAcceptAlerts: true, autoGrantPermissions: true, automationName: UiAutomator2, databaseEnabled: false, desired: {app: /Users/admin/Desktop/Plai_M..., autoAcceptAlerts: true, autoGrantPermissions: true, automationName: UiAutomator2, deviceName: 25e4e5308f0d7ece, platformName: android, platformVersion: 10, resetKeyboard: false, unicodeKeyboard: false}, deviceApiLevel: 29, deviceManufacturer: samsung, deviceModel: SM-N960F, deviceName: 25e4e5308f0d7ece, deviceScreenDensity: 420, deviceScreenSize: 1080x2220, deviceUDID: 25e4e5308f0d7ece, javascriptEnabled: true, locationContextEnabled: false, networkConnectionEnabled: true, pixelRatio: 2.625, platform: LINUX, platformName: android, platformVersion: 10, resetKeyboard: false, statBarHeight: 63, takesScreenshot: true, unicodeKeyboard: false, viewportRect: {height: 2031, left: 0, top: 63, width: 1080}, warnings: {}, webStorageEnabled: false}&#10;Session ID: b5dda2b9-f94a-490a-bfc9-c9c8d2fd3c8f&#10;*** Element info: {Using=xpath, value=//android.widget.LinearLayout[@content-desc=&quot;Test.jpg, 3.75 MB, 21 Dec&quot;]}" type="org.openqa.selenium.NoSuchElementException"><![CDATA[org.openqa.selenium.NoSuchElementException: 
An element could not be located on the page using the given search parameters.
For documentation on this error, please visit: https://www.seleniumhq.org/exceptions/no_such_element.html
Build info: version: '3.141.59', revision: 'e82be7d358', time: '2018-11-14T08:17:03'
System info: host: 'Admins-MacBook-Pro.local', ip: 'fe80:0:0:0:8f:c148:5c9e:6494%en0', os.name: 'Mac OS X', os.arch: 'x86_64', os.version: '12.4', java.version: '19.0.1'
Driver info: io.appium.java_client.android.AndroidDriver
Capabilities {app: /Users/admin/Desktop/Plai_M..., appPackage: com.app.plaisports, autoAcceptAlerts: true, autoGrantPermissions: true, automationName: UiAutomator2, databaseEnabled: false, desired: {app: /Users/admin/Desktop/Plai_M..., autoAcceptAlerts: true, autoGrantPermissions: true, automationName: UiAutomator2, deviceName: 25e4e5308f0d7ece, platformName: android, platformVersion: 10, resetKeyboard: false, unicodeKeyboard: false}, deviceApiLevel: 29, deviceManufacturer: samsung, deviceModel: SM-N960F, deviceName: 25e4e5308f0d7ece, deviceScreenDensity: 420, deviceScreenSize: 1080x2220, deviceUDID: 25e4e5308f0d7ece, javascriptEnabled: true, locationContextEnabled: false, networkConnectionEnabled: true, pixelRatio: 2.625, platform: LINUX, platformName: android, platformVersion: 10, resetKeyboard: false, statBarHeight: 63, takesScreenshot: true, unicodeKeyboard: false, viewportRect: {height: 2031, left: 0, top: 63, width: 1080}, warnings: {}, webStorageEnabled: false}
Session ID: b5dda2b9-f94a-490a-bfc9-c9c8d2fd3c8f
*** Element info: {Using=xpath, value=//android.widget.LinearLayout[@content-desc="Test.jpg, 3.75 MB, 21 Dec"]}
	at Tests.SignUpTests.Verify_the_functionality_of_Flip_icon(SignUpTests.java:976)
]]></failure>
    <system-out><![CDATA[Application Launched.
Clicked on skip button.
Clicked on next button.
Clicked on signup button.
Clicked on first name field.
Entered first name:-snsqk.
Clicked on last name field.
Entered last name:-pcrkq.
Entered valid email:-.fczj@gmail.com
Entered password:-Test@123
Entered confirm password.Test@123
Next button is clicked.
Done link is verified.
Search bar is verified.
Default country is:-Andorra
Country is verified with dropdown.
Clicked on Mobile number field.
Entered mobile number is:-9432673481
Clicked on DOB field.
Clicked on cancel button.
Calender is closed.
Next button is clicked.
Verify one sport from dropdown.
Next button is clicked.
UPLOAD PHOTO button is verified.
Clicked on upload photo button.
Clicked on gallery button.
]]></system-out>
    <system-err><![CDATA[Jan 03, 2023 8:12:57 PM org.openqa.selenium.remote.Augmenter extractRemoteWebDriver
WARNING: Augmenter should be applied to the instances of @Augmentable classes or previously augmented instances only (instance class was: class io.appium.java_client.android.AndroidDriver)
Jan 03, 2023 8:13:07 PM io.appium.java_client.remote.AppiumCommandExecutor$1 lambda$0
INFO: Detected dialect: W3C
]]></system-err>
  </testcase>
  <testcase name="Verify_the_functionality_of_Crop_link" classname="Tests.SignUpTests" time="114.445">
    <failure message="An element could not be located on the page using the given search parameters.&#10;For documentation on this error, please visit: https://www.seleniumhq.org/exceptions/no_such_element.html&#10;Build info: version: &apos;3.141.59&apos;, revision: &apos;e82be7d358&apos;, time: &apos;2018-11-14T08:17:03&apos;&#10;System info: host: &apos;Admins-MacBook-Pro.local&apos;, ip: &apos;fe80:0:0:0:8f:c148:5c9e:6494%en0&apos;, os.name: &apos;Mac OS X&apos;, os.arch: &apos;x86_64&apos;, os.version: &apos;12.4&apos;, java.version: &apos;19.0.1&apos;&#10;Driver info: io.appium.java_client.android.AndroidDriver&#10;Capabilities {app: /Users/admin/Desktop/Plai_M..., appPackage: com.app.plaisports, autoAcceptAlerts: true, autoGrantPermissions: true, automationName: UiAutomator2, databaseEnabled: false, desired: {app: /Users/admin/Desktop/Plai_M..., autoAcceptAlerts: true, autoGrantPermissions: true, automationName: UiAutomator2, deviceName: 25e4e5308f0d7ece, platformName: android, platformVersion: 10, resetKeyboard: false, unicodeKeyboard: false}, deviceApiLevel: 29, deviceManufacturer: samsung, deviceModel: SM-N960F, deviceName: 25e4e5308f0d7ece, deviceScreenDensity: 420, deviceScreenSize: 1080x2220, deviceUDID: 25e4e5308f0d7ece, javascriptEnabled: true, locationContextEnabled: false, networkConnectionEnabled: true, pixelRatio: 2.625, platform: LINUX, platformName: android, platformVersion: 10, resetKeyboard: false, statBarHeight: 63, takesScreenshot: true, unicodeKeyboard: false, viewportRect: {height: 2031, left: 0, top: 63, width: 1080}, warnings: {}, webStorageEnabled: false}&#10;Session ID: 43c25f9b-97c4-446c-9779-ff3d29800f13&#10;*** Element info: {Using=xpath, value=//android.widget.LinearLayout[@content-desc=&quot;Test.jpg, 3.75 MB, 21 Dec&quot;]}" type="org.openqa.selenium.NoSuchElementException"><![CDATA[org.openqa.selenium.NoSuchElementException: 
An element could not be located on the page using the given search parameters.
For documentation on this error, please visit: https://www.seleniumhq.org/exceptions/no_such_element.html
Build info: version: '3.141.59', revision: 'e82be7d358', time: '2018-11-14T08:17:03'
System info: host: 'Admins-MacBook-Pro.local', ip: 'fe80:0:0:0:8f:c148:5c9e:6494%en0', os.name: 'Mac OS X', os.arch: 'x86_64', os.version: '12.4', java.version: '19.0.1'
Driver info: io.appium.java_client.android.AndroidDriver
Capabilities {app: /Users/admin/Desktop/Plai_M..., appPackage: com.app.plaisports, autoAcceptAlerts: true, autoGrantPermissions: true, automationName: UiAutomator2, databaseEnabled: false, desired: {app: /Users/admin/Desktop/Plai_M..., autoAcceptAlerts: true, autoGrantPermissions: true, automationName: UiAutomator2, deviceName: 25e4e5308f0d7ece, platformName: android, platformVersion: 10, resetKeyboard: false, unicodeKeyboard: false}, deviceApiLevel: 29, deviceManufacturer: samsung, deviceModel: SM-N960F, deviceName: 25e4e5308f0d7ece, deviceScreenDensity: 420, deviceScreenSize: 1080x2220, deviceUDID: 25e4e5308f0d7ece, javascriptEnabled: true, locationContextEnabled: false, networkConnectionEnabled: true, pixelRatio: 2.625, platform: LINUX, platformName: android, platformVersion: 10, resetKeyboard: false, statBarHeight: 63, takesScreenshot: true, unicodeKeyboard: false, viewportRect: {height: 2031, left: 0, top: 63, width: 1080}, warnings: {}, webStorageEnabled: false}
Session ID: 43c25f9b-97c4-446c-9779-ff3d29800f13
*** Element info: {Using=xpath, value=//android.widget.LinearLayout[@content-desc="Test.jpg, 3.75 MB, 21 Dec"]}
	at Tests.SignUpTests.Verify_the_functionality_of_Crop_link(SignUpTests.java:1007)
]]></failure>
    <system-out><![CDATA[Application Launched.
Clicked on skip button.
Clicked on next button.
Clicked on signup button.
Clicked on first name field.
Entered first name:-nsfcn.
Clicked on last name field.
Entered last name:-djqiu.
Entered valid email:-.qjpu@gmail.com
Entered password:-Test@123
Entered confirm password.Test@123
Next button is clicked.
Done link is verified.
Search bar is verified.
Default country is:-Andorra
Country is verified with dropdown.
Clicked on Mobile number field.
Entered mobile number is:-9432673481
[...]
Expiration Dropdown Is Displayed
CVV Field Is Displayed
Country Dropdown Is Displayed
Confirm Purchase Displayed
]]></system-out>
    <system-err><![CDATA[Jan 03, 2023 11:12:10 PM io.appium.java_client.remote.AppiumCommandExecutor$1 lambda$0
INFO: Detected dialect: W3C
]]></system-err>
  </testcase>
  <testcase name="Verify_the_Card_Number_field_of_CHECKOUT_screen" classname="Tests.ShopTabTests" time="68.722">
    <system-out><![CDATA[PASS : Verify_the_functionality_of_PROCEED_TO_PAYMENT_button<br><br>---------------------------------------------------------------------------<br><br>
Application Launched.
Clicked on skip button.
Clicked on next button.
Entered Email :- sagarnandha11+1@gmail.com
Entered Password :- Plai@1234
Clicked On Login Button
App name is verified on login splash screen
Day Greeting is verified on login splash screen
Username with Profile Picture is verified on login splash screen
Welcome Greeting is verified on login splash screen
Clicked On PLAIers Snooker Club Banner
PLAIers Snooker Club Opened
Shop Tab Opened
Clicked On View All Button Of Clothing
Clothing List Page Is Displayed
Searched T-Shirt in CLP
Searched Product Is Displayed
Clicked On T-Shirt Product_Banner
Clicked On Buy Now Button
Checkout Page is Displayed
Clothing List Page Is Displayed
Clothing List Page Is Displayed
Name in Checkout Is Displayed : Sagar Nandha
Address in Checkout Is Displayed : 8 Floor, North Plaza, 801, Motera, Ahmedabad, Gujarat 380005, India
Proceed To Payment Button Is Displayed
Clicked On Proceed To Payment button
Clicked On Card Number Field
]]></system-out>
    <system-err><![CDATA[Jan 03, 2023 11:13:27 PM io.appium.java_client.remote.AppiumCommandExecutor$1 lambda$0
INFO: Detected dialect: W3C
]]></system-err>
  </testcase>
  <testcase name="Verify_the_Expiration_field_of_CHECKOUT_screen" classname="Tests.ShopTabTests" time="68.065">
    <system-out><![CDATA[PASS : Verify_the_Card_Number_field_of_CHECKOUT_screen<br><br>---------------------------------------------------------------------------<br><br>
Application Launched.
Clicked on skip button.
Clicked on next button.
Entered Email :- sagarnandha11+1@gmail.com
Entered Password :- Plai@1234
Clicked On Login Button
App name is verified on login splash screen
Day Greeting is verified on login splash screen
Username with Profile Picture is verified on login splash screen
Welcome Greeting is verified on login splash screen
Clicked On PLAIers Snooker Club Banner
PLAIers Snooker Club Opened
Shop Tab Opened
Clicked On View All Button Of Clothing
Clothing List Page Is Displayed
Searched T-Shirt in CLP
Searched Product Is Displayed
Clicked On T-Shirt Product_Banner
Clicked On Buy Now Button
Checkout Page is Displayed
Clothing List Page Is Displayed
Clothing List Page Is Displayed
Name in Checkout Is Displayed : Sagar Nandha
Address in Checkout Is Displayed : 8 Floor, North Plaza, 801, Motera, Ahmedabad, Gujarat 380005, India
Proceed To Payment Button Is Displayed
Clicked On Proceed To Payment button
Clicked On Card Number Field
Date Panel for month and Year Opened
]]></system-out>
    <system-err><![CDATA[Jan 03, 2023 11:14:44 PM io.appium.java_client.remote.AppiumCommandExecutor$1 lambda$0
INFO: Detected dialect: W3C
]]></system-err>
  </testcase>
  <testcase name="Verify_the_Expiration_field_by_entering_invalid_value" classname="Tests.ShopTabTests" time="69.808">
    <system-out><![CDATA[PASS : Verify_the_Expiration_field_of_CHECKOUT_screen<br><br>---------------------------------------------------------------------------<br><br>
Application Launched.
Clicked on skip button.
Clicked on next button.
Entered Email :- sagarnandha11+1@gmail.com
Entered Password :- Plai@1234
Clicked On Login Button
App name is verified on login splash screen
Day Greeting is verified on login splash screen
Username with Profile Picture is verified on login splash screen
Welcome Greeting is verified on login splash screen
Clicked On PLAIers Snooker Club Banner
PLAIers Snooker Club Opened
Shop Tab Opened
Clicked On View All Button Of Clothing
Clothing List Page Is Displayed
Searched T-Shirt in CLP
Searched Product Is Displayed
Clicked On T-Shirt Product_Banner
Clicked On Buy Now Button
Checkout Page is Displayed
Clothing List Page Is Displayed
Clothing List Page Is Displayed
Name in Checkout Is Displayed : Sagar Nandha
Address in Checkout Is Displayed : 8 Floor, North Plaza, 801, Motera, Ahmedabad, Gujarat 380005, India
Proceed To Payment Button Is Displayed
Clicked On Proceed To Payment button
Clicked On Card Number Field
Date Panel for month and Year Opened
Clicked on confirm button
]]></system-out>
    <system-err><![CDATA[Jan 03, 2023 11:16:01 PM io.appium.java_client.remote.AppiumCommandExecutor$1 lambda$0
INFO: Detected dialect: W3C
]]></system-err>
  </testcase>
  <testcase name="Verify_the_CVC_field_by_entering_2_digit_CVC_Code" classname="Tests.ShopTabTests" time="96.736">
    <failure message="An element could not be located on the page using the given search parameters.&#10;For documentation on this error, please visit: https://www.seleniumhq.org/exceptions/no_such_element.html&#10;Build info: version: &apos;3.141.59&apos;, revision: &apos;e82be7d358&apos;, time: &apos;2018-11-14T08:17:03&apos;&#10;System info: host: &apos;Admins-MacBook-Pro.local&apos;, ip: &apos;fe80:0:0:0:8f:c148:5c9e:6494%en0&apos;, os.name: &apos;Mac OS X&apos;, os.arch: &apos;x86_64&apos;, os.version: &apos;12.4&apos;, java.version: &apos;19.0.1&apos;&#10;Driver info: io.appium.java_client.android.AndroidDriver&#10;Capabilities {app: /Users/admin/Desktop/Plai_M..., appPackage: com.app.plaisports, autoAcceptAlerts: true, autoGrantPermissions: true, automationName: UiAutomator2, databaseEnabled: false, desired: {app: /Users/admin/Desktop/Plai_M..., autoAcceptAlerts: true, autoGrantPermissions: true, automationName: UiAutomator2, deviceName: 25e4e5308f0d7ece, platformName: android, platformVersion: 10, resetKeyboard: false, unicodeKeyboard: false}, deviceApiLevel: 29, deviceManufacturer: samsung, deviceModel: SM-N960F, deviceName: 25e4e5308f0d7ece, deviceScreenDensity: 420, deviceScreenSize: 1080x2220, deviceUDID: 25e4e5308f0d7ece, javascriptEnabled: true, locationContextEnabled: false, networkConnectionEnabled: true, pixelRatio: 2.625, platform: LINUX, platformName: android, platformVersion: 10, resetKeyboard: false, statBarHeight: 63, takesScreenshot: true, unicodeKeyboard: false, viewportRect: {height: 2031, left: 0, top: 63, width: 1080}, warnings: {}, webStorageEnabled: false}&#10;Session ID: bb91e820-eb52-4c6c-9ea1-47cb3b8e20a9&#10;*** Element info: {Using=xpath, value=/hierarchy/android.widget.Toast}" type="org.openqa.selenium.NoSuchElementException"><![CDATA[org.openqa.selenium.NoSuchElementException: 
An element could not be located on the page using the given search parameters.
For documentation on this error, please visit: https://www.seleniumhq.org/exceptions/no_such_element.html
Build info: version: '3.141.59', revision: 'e82be7d358', time: '2018-11-14T08:17:03'
System info: host: 'Admins-MacBook-Pro.local', ip: 'fe80:0:0:0:8f:c148:5c9e:6494%en0', os.name: 'Mac OS X', os.arch: 'x86_64', os.version: '12.4', java.version: '19.0.1'
Driver info: io.appium.java_client.android.AndroidDriver
Capabilities {app: /Users/admin/Desktop/Plai_M..., appPackage: com.app.plaisports, autoAcceptAlerts: true, autoGrantPermissions: true, automationName: UiAutomator2, databaseEnabled: false, desired: {app: /Users/admin/Desktop/Plai_M..., autoAcceptAlerts: true, autoGrantPermissions: true, automationName: UiAutomator2, deviceName: 25e4e5308f0d7ece, platformName: android, platformVersion: 10, resetKeyboard: false, unicodeKeyboard: false}, deviceApiLevel: 29, deviceManufacturer: samsung, deviceModel: SM-N960F, deviceName: 25e4e5308f0d7ece, deviceScreenDensity: 420, deviceScreenSize: 1080x2220, deviceUDID: 25e4e5308f0d7ece, javascriptEnabled: true, locationContextEnabled: false, networkConnectionEnabled: true, pixelRatio: 2.625, platform: LINUX, platformName: android, platformVersion: 10, resetKeyboard: false, statBarHeight: 63, takesScreenshot: true, unicodeKeyboard: false, viewportRect: {height: 2031, left: 0, top: 63, width: 1080}, warnings: {}, webStorageEnabled: false}
Session ID: bb91e820-eb52-4c6c-9ea1-47cb3b8e20a9
*** Element info: {Using=xpath, value=/hierarchy/android.widget.Toast}
	at Tests.ShopTabTests.Verify_the_CVC_field_by_entering_2_digit_CVC_Code(ShopTabTests.java:275)
]]></failure>
    <system-out><![CDATA[PASS : Verify_the_Expiration_field_by_entering_invalid_value<br><br>---------------------------------------------------------------------------<br><br>
Application Launched.
Clicked on skip button.
Clicked on next button.
Entered Email :- sagarnandha11+1@gmail.com
Entered Password :- Plai@1234
Clicked On Login Button
App name is verified on login splash screen
Day Greeting is verified on login splash screen
Username with Profile Picture is verified on login splash screen
Welcome Greeting is verified on login splash screen
Clicked On PLAIers Snooker Club Banner
PLAIers Snooker Club Opened
Shop Tab Opened
Clicked On View All Button Of Clothing
Clothing List Page Is Displayed
Searched T-Shirt in CLP
Searched Product Is Displayed
Clicked On T-Shirt Product_Banner
Clicked On Buy Now Button
Checkout Page is Displayed
Clothing List Page Is Displayed
Clothing List Page Is Displayed
Name in Checkout Is Displayed : Sagar Nandha
Address in Checkout Is Displayed : 8 Floor, North Plaza, 801, Motera, Ahmedabad, Gujarat 380005, India
Proceed To Payment Button Is Displayed
Clicked On Proceed To Payment button
Searched T-Shirt in CLP
Clicked On Card Number Field
Date Panel for month and Year Opened
Clicked on confirm button
Entered 2 digits CVV
Clicked On Country Dropdown
Selected Second Country as UAE
Clicked On Done BButton
Clicked On Confirm_Purchase Button
]]></system-out>
    <system-err><![CDATA[Jan 03, 2023 11:17:20 PM io.appium.java_client.remote.AppiumCommandExecutor$1 lambda$0
INFO: Detected dialect: W3C
]]></system-err>
  </testcase>
  <testcase name="Verify_the_CVC_field_by_entering_4_digit_CVC_Code" classname="Tests.ShopTabTests" time="70.514">
    <system-out><![CDATA[Application Launched.
Clicked on skip button.
Clicked on next button.
Entered Email :- sagarnandha11+1@gmail.com
Entered Password :- Plai@1234
Clicked On Login Button
App name is verified on login splash screen
Day Greeting is verified on login splash screen
Username with Profile Picture is verified on login splash screen
Welcome Greeting is verified on login splash screen
Clicked On PLAIers Snooker Club Banner
PLAIers Snooker Club Opened
Shop Tab Opened
Clicked On View All Button Of Clothing
Clothing List Page Is Displayed
Searched T-Shirt in CLP
Searched Product Is Displayed
Clicked On T-Shirt Product_Banner
Clicked On Buy Now Button
Checkout Page is Displayed
Clothing List Page Is Displayed
Clothing List Page Is Displayed
Name in Checkout Is Displayed : Sagar Nandha
Address in Checkout Is Displayed : 8 Floor, North Plaza, 801, Motera, Ahmedabad, Gujarat 380005, India
Proceed To Payment Button Is Displayed
Clicked On Proceed To Payment button
Sent 4 digits CVV
User is not able to Enter more than 3 digits
]]></system-out>
    <system-err><![CDATA[Jan 03, 2023 11:18:57 PM org.openqa.selenium.remote.Augmenter extractRemoteWebDriver
WARNING: Augmenter should be applied to the instances of @Augmentable classes or previously augmented instances only (instance class was: class io.appium.java_client.android.AndroidDriver)
Jan 03, 2023 11:19:06 PM io.appium.java_client.remote.AppiumCommandExecutor$1 lambda$0
INFO: Detected dialect: W3C
]]></system-err>
  </testcase>
  <testcase name="Verify_the_Country_field_of_CHECKOUT_screen" classname="Tests.ShopTabTests" time="71.029">
    <system-out><![CDATA[PASS : Verify_the_CVC_field_by_entering_4_digit_CVC_Code<br><br>---------------------------------------------------------------------------<br><br>
Application Launched.
Clicked on skip button.
Clicked on next button.
Entered Email :- sagarnandha11+1@gmail.com
Entered Password :- Plai@1234
Clicked On Login Button
App name is verified on login splash screen
Day Greeting is verified on login splash screen
Username with Profile Picture is verified on login splash screen
Welcome Greeting is verified on login splash screen
Clicked On PLAIers Snooker Club Banner
PLAIers Snooker Club Opened
Shop Tab Opened
Clicked On View All Button Of Clothing
Clothing List Page Is Displayed
Searched T-Shirt in CLP
Searched Product Is Displayed
Clicked On T-Shirt Product_Banner
Clicked On Buy Now Button
Checkout Page is Displayed
Clothing List Page Is Displayed
Clothing List Page Is Displayed
Name in Checkout Is Displayed : Sagar Nandha
Address in Checkout Is Displayed : 8 Floor, North Plaza, 801, Motera, Ahmedabad, Gujarat 380005, India
Proceed To Payment Button Is Displayed
Clicked On Proceed To Payment button
Clicked On Country Dropdown
Selected Second Country as UAE
Clicked On Done BButton
]]></system-out>
    <system-err><![CDATA[Jan 03, 2023 11:20:25 PM io.appium.java_client.remote.AppiumCommandExecutor$1 lambda$0
INFO: Detected dialect: W3C
]]></system-err>
  </testcase>
  <testcase name="Verify_the_Search_bar_with_Done_link_of_Country_field" classname="Tests.ShopTabTests" time="70.947">
    <system-out><![CDATA[PASS : Verify_the_Country_field_of_CHECKOUT_screen<br><br>---------------------------------------------------------------------------<br><br>
Application Launched.
Clicked on skip button.
Clicked on next button.
Entered Email :- sagarnandha11+1@gmail.com
Entered Password :- Plai@1234
Clicked On Login Button
App name is verified on login splash screen
Day Greeting is verified on login splash screen
Username with Profile Picture is verified on login splash screen
Welcome Greeting is verified on login splash screen
Clicked On PLAIers Snooker Club Banner
PLAIers Snooker Club Opened
Shop Tab Opened
Clicked On View All Button Of Clothing
Clothing List Page Is Displayed
Searched T-Shirt in CLP
Searched Product Is Displayed
Clicked On T-Shirt Product_Banner
Clicked On Buy Now Button
Checkout Page is Displayed
Clothing List Page Is Displayed
Clothing List Page Is Displayed
Name in Checkout Is Displayed : Sagar Nandha
Address in Checkout Is Displayed : 8 Floor, North Plaza, 801, Motera, Ahmedabad, Gujarat 380005, India
Proceed To Payment Button Is Displayed
Clicked On Proceed To Payment button
Clicked On Country Dropdown
Selected Second Country as UAE
Clicked On Done BButton
Selected country is displayed
]]></system-out>
    <system-err><![CDATA[Jan 03, 2023 11:21:45 PM io.appium.java_client.remote.AppiumCommandExecutor$1 lambda$0
INFO: Detected dialect: W3C
]]></system-err>
  </testcase>
  <testcase name="Verify_the_CONFIRM_PURCHASE_button" classname="Tests.ShopTabTests" time="97.064">
    <failure message="An element could not be located on the page using the given search parameters.&#10;For documentation on this error, please visit: https://www.seleniumhq.org/exceptions/no_such_element.html&#10;Build info: version: &apos;3.141.59&apos;, revision: &apos;e82be7d358&apos;, time: &apos;2018-11-14T08:17:03&apos;&#10;System info: host: &apos;Admins-MacBook-Pro.local&apos;, ip: &apos;fe80:0:0:0:8f:c148:5c9e:6494%en0&apos;, os.name: &apos;Mac OS X&apos;, os.arch: &apos;x86_64&apos;, os.version: &apos;12.4&apos;, java.version: &apos;19.0.1&apos;&#10;Driver info: io.appium.java_client.android.AndroidDriver&#10;Capabilities {app: /Users/admin/Desktop/Plai_M..., appPackage: com.app.plaisports, autoAcceptAlerts: true, autoGrantPermissions: true, automationName: UiAutomator2, databaseEnabled: false, desired: {app: /Users/admin/Desktop/Plai_M..., autoAcceptAlerts: true, autoGrantPermissions: true, automationName: UiAutomator2, deviceName: 25e4e5308f0d7ece, platformName: android, platformVersion: 10, resetKeyboard: false, unicodeKeyboard: false}, deviceApiLevel: 29, deviceManufacturer: samsung, deviceModel: SM-N960F, deviceName: 25e4e5308f0d7ece, deviceScreenDensity: 420, deviceScreenSize: 1080x2220, deviceUDID: 25e4e5308f0d7ece, javascriptEnabled: true, locationContextEnabled: false, networkConnectionEnabled: true, pixelRatio: 2.625, platform: LINUX, platformName: android, platformVersion: 10, resetKeyboard: false, statBarHeight: 63, takesScreenshot: true, unicodeKeyboard: false, viewportRect: {height: 2031, left: 0, top: 63, width: 1080}, warnings: {}, webStorageEnabled: false}&#10;Session ID: c5441169-d80c-44b3-9d4e-330ade930db1&#10;*** Element info: {Using=xpath, value=/hierarchy/android.widget.Toast}" type="org.openqa.selenium.NoSuchElementException"><![CDATA[org.openqa.selenium.NoSuchElementException: 
An element could not be located on the page using the given search parameters.
For documentation on this error, please visit: https://www.seleniumhq.org/exceptions/no_such_element.html
Build info: version: '3.141.59', revision: 'e82be7d358', time: '2018-11-14T08:17:03'
System info: host: 'Admins-MacBook-Pro.local', ip: 'fe80:0:0:0:8f:c148:5c9e:6494%en0', os.name: 'Mac OS X', os.arch: 'x86_64', os.version: '12.4', java.version: '19.0.1'
Driver info: io.appium.java_client.android.AndroidDriver
Capabilities {app: /Users/admin/Desktop/Plai_M..., appPackage: com.app.plaisports, autoAcceptAlerts: true, autoGrantPermissions: true, automationName: UiAutomator2, databaseEnabled: false, desired: {app: /Users/admin/Desktop/Plai_M..., autoAcceptAlerts: true, autoGrantPermissions: true, automationName: UiAutomator2, deviceName: 25e4e5308f0d7ece, platformName: android, platformVersion: 10, resetKeyboard: false, unicodeKeyboard: false}, deviceApiLevel: 29, deviceManufacturer: samsung, deviceModel: SM-N960F, deviceName: 25e4e5308f0d7ece, deviceScreenDensity: 420, deviceScreenSize: 1080x2220, deviceUDID: 25e4e5308f0d7ece, javascriptEnabled: true, locationContextEnabled: false, networkConnectionEnabled: true, pixelRatio: 2.625, platform: LINUX, platformName: android, platformVersion: 10, resetKeyboard: false, statBarHeight: 63, takesScreenshot: true, unicodeKeyboard: false, viewportRect: {height: 2031, left: 0, top: 63, width: 1080}, warnings: {}, webStorageEnabled: false}
Session ID: c5441169-d80c-44b3-9d4e-330ade930db1
*** Element info: {Using=xpath, value=/hierarchy/android.widget.Toast}
	at Tests.ShopTabTests.Verify_the_CONFIRM_PURCHASE_button(ShopTabTests.java:374)
]]></failure>
    <system-out><![CDATA[PASS : Verify_the_Search_bar_with_Done_link_of_Country_field<br><br>---------------------------------------------------------------------------<br><br>
Application Launched.
Clicked on skip button.
Clicked on next button.
Entered Email :- sagarnandha11+1@gmail.com
Entered Password :- Plai@1234
Clicked On Login Button
App name is verified on login splash screen
Day Greeting is verified on login splash screen
Username with Profile Picture is verified on login splash screen
Welcome Greeting is verified on login splash screen
Clicked On PLAIers Snooker Club Banner
PLAIers Snooker Club Opened
Shop Tab Opened
Clicked On View All Button Of Clothing
Clothing List Page Is Displayed
Searched T-Shirt in CLP
Searched Product Is Displayed
Clicked On T-Shirt Product_Banner
Clicked On Buy Now Button
Checkout Page is Displayed
Clothing List Page Is Displayed
Clothing List Page Is Displayed
Name in Checkout Is Displayed : Sagar Nandha
Address in Checkout Is Displayed : 8 Floor, North Plaza, 801, Motera, Ahmedabad, Gujarat 380005, India
Proceed To Payment Button Is Displayed
Clicked On Proceed To Payment button
Searched T-Shirt in CLP
Clicked On Card Number Field
Date Panel for month and Year Opened
Clicked on confirm button
Sent 4 digits CVV
User is not able to Enter more than 3 digits
Clicked On Country Dropdown
Selected Second Country as UAE
Clicked On Done BButton
Clicked On Confirm_Purchase Button
]]></system-out>
    <system-err><![CDATA[Jan 03, 2023 11:23:04 PM io.appium.java_client.remote.AppiumCommandExecutor$1 lambda$0
INFO: Detected dialect: W3C
]]></system-err>
  </testcase>
</testsuite>